mode: set
github.com/mitchell-wallace/rally/internal/relay/log.go:23.42,27.16 4 1
github.com/mitchell-wallace/rally/internal/relay/log.go:27.16,29.3 1 0
github.com/mitchell-wallace/rally/internal/relay/log.go:30.2,30.19 1 1
github.com/mitchell-wallace/rally/internal/relay/log.go:30.19,32.3 1 1
github.com/mitchell-wallace/rally/internal/relay/log.go:34.2,35.56 2 1
github.com/mitchell-wallace/rally/internal/relay/log.go:35.56,37.3 1 1
github.com/mitchell-wallace/rally/internal/relay/log.go:38.2,39.42 2 1
github.com/mitchell-wallace/rally/internal/relay/log.go:45.50,46.75 1 1
github.com/mitchell-wallace/rally/internal/relay/log.go:46.75,47.86 1 1
github.com/mitchell-wallace/rally/internal/relay/log.go:47.86,48.78 1 0
github.com/mitchell-wallace/rally/internal/relay/log.go:48.78,50.5 1 0
github.com/mitchell-wallace/rally/internal/relay/log.go:53.2,53.46 1 1
github.com/mitchell-wallace/rally/internal/relay/log.go:56.58,59.69 3 1
github.com/mitchell-wallace/rally/internal/relay/log.go:59.69,61.3 1 0
github.com/mitchell-wallace/rally/internal/relay/log.go:62.2,62.13 1 1
github.com/mitchell-wallace/rally/internal/relay/log.go:65.47,69.18 4 1
github.com/mitchell-wallace/rally/internal/relay/log.go:69.18,71.3 1 0
github.com/mitchell-wallace/rally/internal/relay/log.go:72.2,74.55 3 1
github.com/mitchell-wallace/rally/internal/relay/log.go:74.55,76.3 1 0
github.com/mitchell-wallace/rally/internal/relay/log.go:77.2,77.13 1 1
github.com/mitchell-wallace/rally/internal/relay/log.go:80.86,82.63 2 1
github.com/mitchell-wallace/rally/internal/relay/log.go:82.63,84.3 1 0
github.com/mitchell-wallace/rally/internal/relay/log.go:85.2,85.70 1 1
github.com/mitchell-wallace/rally/internal/relay/log.go:88.69,90.2 1 1
github.com/mitchell-wallace/rally/internal/relay/mix.go:26.73,34.54 5 1
github.com/mitchell-wallace/rally/internal/relay/mix.go:34.54,35.17 1 1
github.com/mitchell-wallace/rally/internal/relay/mix.go:35.17,37.4 1 0
github.com/mitchell-wallace/rally/internal/relay/mix.go:38.3,38.21 1 1
github.com/mitchell-wallace/rally/internal/relay/mix.go:38.21,41.4 2 1
github.com/mitchell-wallace/rally/internal/relay/mix.go:42.3,43.13 2 1
github.com/mitchell-wallace/rally/internal/relay/mix.go:47.2,47.21 1 1
github.com/mitchell-wallace/rally/internal/relay/mix.go:47.21,50.3 2 0
github.com/mitchell-wallace/rally/internal/relay/mix.go:50.8,51.30 1 1
github.com/mitchell-wallace/rally/internal/relay/mix.go:51.30,53.36 1 1
github.com/mitchell-wallace/rally/internal/relay/mix.go:53.36,55.5 1 1
github.com/mitchell-wallace/rally/internal/relay/mix.go:58.4,58.23 1 1
github.com/mitchell-wallace/rally/internal/relay/mix.go:58.23,65.24 4 1
github.com/mitchell-wallace/rally/internal/relay/mix.go:65.24,66.64 1 1
github.com/mitchell-wallace/rally/internal/relay/mix.go:66.64,69.7 2 1
github.com/mitchell-wallace/rally/internal/relay/mix.go:72.5,73.19 2 1
github.com/mitchell-wallace/rally/internal/relay/mix.go:73.19,75.6 1 1
github.com/mitchell-wallace/rally/internal/relay/mix.go:76.5,76.26 1 1
github.com/mitchell-wallace/rally/internal/relay/mix.go:76.26,79.6 2 1
github.com/mitchell-wallace/rally/internal/relay/mix.go:80.5,80.23 1 1
github.com/mitchell-wallace/rally/internal/relay/mix.go:80.23,83.55 2 1
github.com/mitchell-wallace/rally/internal/relay/mix.go:83.55,85.7 1 1
github.com/mitchell-wallace/rally/internal/relay/mix.go:86.11,88.6 1 1
github.com/mitchell-wallace/rally/internal/relay/mix.go:89.5,89.13 1 1
github.com/mitchell-wallace/rally/internal/relay/mix.go:93.4,101.11 4 1
github.com/mitchell-wallace/rally/internal/relay/mix.go:101.11,103.5 1 0
github.com/mitchell-wallace/rally/internal/relay/mix.go:104.4,105.23 2 1
github.com/mitchell-wallace/rally/internal/relay/mix.go:105.23,107.28 2 1
github.com/mitchell-wallace/rally/internal/relay/mix.go:107.28,109.6 1 0
github.com/mitchell-wallace/rally/internal/relay/mix.go:110.5,110.15 1 1
github.com/mitchell-wallace/rally/internal/relay/mix.go:112.4,112.53 1 1
github.com/mitchell-wallace/rally/internal/relay/mix.go:112.53,114.5 1 0
github.com/mitchell-wallace/rally/internal/relay/mix.go:126.2,128.32 3 1
github.com/mitchell-wallace/rally/internal/relay/mix.go:128.32,133.22 3 1
github.com/mitchell-wallace/rally/internal/relay/mix.go:133.22,134.31 1 1
github.com/mitchell-wallace/rally/internal/relay/mix.go:134.31,136.23 2 1
github.com/mitchell-wallace/rally/internal/relay/mix.go:136.23,137.14 1 1
github.com/mitchell-wallace/rally/internal/relay/mix.go:139.5,139.53 1 1
github.com/mitchell-wallace/rally/internal/relay/mix.go:139.53,140.14 1 1
github.com/mitchell-wallace/rally/internal/relay/mix.go:142.5,143.48 2 1
github.com/mitchell-wallace/rally/internal/relay/mix.go:143.48,146.6 2 1
github.com/mitchell-wallace/rally/internal/relay/mix.go:150.3,150.29 1 1
github.com/mitchell-wallace/rally/internal/relay/mix.go:150.29,151.40 1 1
github.com/mitchell-wallace/rally/internal/relay/mix.go:151.40,154.5 2 1
github.com/mitchell-wallace/rally/internal/relay/mix.go:155.9,157.42 2 1
github.com/mitchell-wallace/rally/internal/relay/mix.go:157.42,160.5 2 1
github.com/mitchell-wallace/rally/internal/relay/mix.go:164.2,169.8 1 1
github.com/mitchell-wallace/rally/internal/relay/relay.go:10.101,18.41 3 1
github.com/mitchell-wallace/rally/internal/relay/relay.go:18.41,20.3 1 0
github.com/mitchell-wallace/rally/internal/relay/relay.go:21.2,21.16 1 1
github.com/mitchell-wallace/rally/internal/relay/relay.go:24.68,26.40 2 1
github.com/mitchell-wallace/rally/internal/relay/relay.go:26.40,28.68 2 0
github.com/mitchell-wallace/rally/internal/relay/relay.go:28.68,31.4 2 0
github.com/mitchell-wallace/rally/internal/relay/relay.go:33.2,33.24 1 1
github.com/mitchell-wallace/rally/internal/relay/relay.go:36.55,38.14 2 1
github.com/mitchell-wallace/rally/internal/relay/relay.go:38.14,40.3 1 0
github.com/mitchell-wallace/rally/internal/relay/relay.go:41.2,42.26 2 1
github.com/mitchell-wallace/rally/internal/relay/resilience.go:32.40,33.19 1 1
github.com/mitchell-wallace/rally/internal/relay/resilience.go:33.19,35.3 1 1
github.com/mitchell-wallace/rally/internal/relay/resilience.go:36.2,36.34 1 1
github.com/mitchell-wallace/rally/internal/relay/resilience.go:40.56,42.2 1 1
github.com/mitchell-wallace/rally/internal/relay/resilience.go:53.48,61.2 1 1
github.com/mitchell-wallace/rally/internal/relay/resilience.go:63.74,65.16 2 1
github.com/mitchell-wallace/rally/internal/relay/resilience.go:65.16,67.3 1 1
github.com/mitchell-wallace/rally/internal/relay/resilience.go:68.2,71.27 4 1
github.com/mitchell-wallace/rally/internal/relay/resilience.go:71.27,73.17 2 1
github.com/mitchell-wallace/rally/internal/relay/resilience.go:73.17,74.12 1 0
github.com/mitchell-wallace/rally/internal/relay/resilience.go:76.3,76.22 1 1
github.com/mitchell-wallace/rally/internal/relay/resilience.go:77.33,79.13 2 1
github.com/mitchell-wallace/rally/internal/relay/resilience.go:80.17,82.13 2 1
github.com/mitchell-wallace/rally/internal/relay/resilience.go:83.20,85.13 2 1
github.com/mitchell-wallace/rally/internal/relay/resilience.go:86.18,89.52 3 1
github.com/mitchell-wallace/rally/internal/relay/resilience.go:90.29,92.13 2 1
github.com/mitchell-wallace/rally/internal/relay/resilience.go:98.2,98.69 1 1
github.com/mitchell-wallace/rally/internal/relay/resilience.go:98.69,99.55 1 1
github.com/mitchell-wallace/rally/internal/relay/resilience.go:99.55,101.4 1 1
github.com/mitchell-wallace/rally/internal/relay/resilience.go:109.2,109.48 1 1
github.com/mitchell-wallace/rally/internal/relay/resilience.go:109.48,110.35 1 1
github.com/mitchell-wallace/rally/internal/relay/resilience.go:110.35,112.4 1 1
github.com/mitchell-wallace/rally/internal/relay/resilience.go:114.2,114.21 1 1
github.com/mitchell-wallace/rally/internal/relay/resilience.go:119.108,121.19 2 1
github.com/mitchell-wallace/rally/internal/relay/resilience.go:121.19,123.3 1 1
github.com/mitchell-wallace/rally/internal/relay/resilience.go:125.2,129.30 5 1
github.com/mitchell-wallace/rally/internal/relay/resilience.go:129.30,131.37 2 1
github.com/mitchell-wallace/rally/internal/relay/resilience.go:131.37,132.12 1 1
github.com/mitchell-wallace/rally/internal/relay/resilience.go:134.3,136.24 3 1
github.com/mitchell-wallace/rally/internal/relay/resilience.go:136.24,138.4 1 1
github.com/mitchell-wallace/rally/internal/relay/resilience.go:139.3,139.24 1 1
github.com/mitchell-wallace/rally/internal/relay/resilience.go:139.24,141.4 1 1
github.com/mitchell-wallace/rally/internal/relay/resilience.go:142.3,142.27 1 1
github.com/mitchell-wallace/rally/internal/relay/resilience.go:142.27,144.4 1 1
github.com/mitchell-wallace/rally/internal/relay/resilience.go:146.2,146.15 1 1
github.com/mitchell-wallace/rally/internal/relay/resilience.go:146.15,148.3 1 1
github.com/mitchell-wallace/rally/internal/relay/resilience.go:151.2,151.32 1 1
github.com/mitchell-wallace/rally/internal/relay/resilience.go:151.32,156.13 5 1
github.com/mitchell-wallace/rally/internal/relay/resilience.go:157.20,158.42 1 1
github.com/mitchell-wallace/rally/internal/relay/resilience.go:159.23,160.42 1 1
github.com/mitchell-wallace/rally/internal/relay/resilience.go:161.20,162.55 1 1
github.com/mitchell-wallace/rally/internal/relay/resilience.go:162.55,164.5 1 1
github.com/mitchell-wallace/rally/internal/relay/resilience.go:168.2,168.33 1 1
github.com/mitchell-wallace/rally/internal/relay/resilience.go:168.33,170.3 1 1
github.com/mitchell-wallace/rally/internal/relay/resilience.go:171.2,171.84 1 0
github.com/mitchell-wallace/rally/internal/relay/resilience.go:174.71,176.23 2 1
github.com/mitchell-wallace/rally/internal/relay/resilience.go:176.23,178.3 1 1
github.com/mitchell-wallace/rally/internal/relay/resilience.go:179.2,186.4 1 1
github.com/mitchell-wallace/rally/internal/relay/resilience.go:189.73,191.23 2 1
github.com/mitchell-wallace/rally/internal/relay/resilience.go:191.23,193.3 1 1
github.com/mitchell-wallace/rally/internal/relay/resilience.go:194.2,201.4 1 1
github.com/mitchell-wallace/rally/internal/relay/resilience.go:204.80,212.17 1 1
github.com/mitchell-wallace/rally/internal/relay/resilience.go:212.17,214.3 1 0
github.com/mitchell-wallace/rally/internal/relay/resilience.go:216.2,217.16 2 1
github.com/mitchell-wallace/rally/internal/relay/resilience.go:217.16,219.3 1 0
github.com/mitchell-wallace/rally/internal/relay/resilience.go:220.2,221.40 2 1
github.com/mitchell-wallace/rally/internal/relay/resilience.go:221.40,223.87 2 1
github.com/mitchell-wallace/rally/internal/relay/resilience.go:223.87,224.9 1 1
github.com/mitchell-wallace/rally/internal/relay/resilience.go:226.3,226.36 1 1
github.com/mitchell-wallace/rally/internal/relay/resilience.go:226.36,228.4 1 1
github.com/mitchell-wallace/rally/internal/relay/resilience.go:230.2,230.53 1 1
github.com/mitchell-wallace/rally/internal/relay/resilience.go:230.53,232.3 1 1
github.com/mitchell-wallace/rally/internal/relay/resilience.go:233.2,233.12 1 1
github.com/mitchell-wallace/rally/internal/relay/resilience.go:236.87,238.23 2 1
github.com/mitchell-wallace/rally/internal/relay/resilience.go:238.23,240.3 1 1
github.com/mitchell-wallace/rally/internal/relay/resilience.go:241.2,248.4 1 1
github.com/mitchell-wallace/rally/internal/relay/resilience.go:258.104,269.2 1 1
github.com/mitchell-wallace/rally/internal/relay/resilience.go:274.69,282.2 1 1
github.com/mitchell-wallace/rally/internal/relay/route_runtime.go:22.43,24.9 2 1
github.com/mitchell-wallace/rally/internal/relay/route_runtime.go:25.20,26.19 1 1
github.com/mitchell-wallace/rally/internal/relay/route_runtime.go:27.42,28.29 1 1
github.com/mitchell-wallace/rally/internal/relay/route_runtime.go:29.67,31.18 2 1
github.com/mitchell-wallace/rally/internal/relay/route_runtime.go:31.18,33.4 1 1
github.com/mitchell-wallace/rally/internal/relay/route_runtime.go:34.3,34.15 1 1
github.com/mitchell-wallace/rally/internal/relay/route_runtime.go:35.10,36.16 1 1
github.com/mitchell-wallace/rally/internal/relay/route_runtime.go:55.65,57.2 1 1
github.com/mitchell-wallace/rally/internal/relay/route_runtime.go:62.67,64.16 2 1
github.com/mitchell-wallace/rally/internal/relay/route_runtime.go:64.16,66.3 1 1
github.com/mitchell-wallace/rally/internal/relay/route_runtime.go:68.2,69.33 2 1
github.com/mitchell-wallace/rally/internal/relay/route_runtime.go:69.33,71.3 1 1
github.com/mitchell-wallace/rally/internal/relay/route_runtime.go:72.2,75.47 3 1
github.com/mitchell-wallace/rally/internal/relay/route_runtime.go:75.47,77.49 2 1
github.com/mitchell-wallace/rally/internal/relay/route_runtime.go:77.49,79.18 2 1
github.com/mitchell-wallace/rally/internal/relay/route_runtime.go:79.18,80.13 1 0
github.com/mitchell-wallace/rally/internal/relay/route_runtime.go:82.4,83.78 2 1
github.com/mitchell-wallace/rally/internal/relay/route_runtime.go:83.78,84.13 1 1
github.com/mitchell-wallace/rally/internal/relay/route_runtime.go:86.4,87.132 2 1
github.com/mitchell-wallace/rally/internal/relay/route_runtime.go:92.44,93.23 1 1
github.com/mitchell-wallace/rally/internal/relay/route_runtime.go:93.23,95.3 1 1
github.com/mitchell-wallace/rally/internal/relay/route_runtime.go:96.2,98.12 3 1
github.com/mitchell-wallace/rally/internal/relay/route_runtime.go:123.46,125.2 1 1
github.com/mitchell-wallace/rally/internal/relay/route_runtime.go:127.75,133.9 2 1
github.com/mitchell-wallace/rally/internal/relay/route_runtime.go:134.28,135.161 1 1
github.com/mitchell-wallace/rally/internal/relay/route_runtime.go:136.31,138.35 2 1
github.com/mitchell-wallace/rally/internal/relay/route_runtime.go:139.10,140.95 1 1
github.com/mitchell-wallace/rally/internal/relay/route_runtime.go:142.2,142.29 1 1
github.com/mitchell-wallace/rally/internal/relay/route_runtime.go:142.29,144.3 1 1
github.com/mitchell-wallace/rally/internal/relay/route_runtime.go:145.2,145.23 1 1
github.com/mitchell-wallace/rally/internal/relay/route_runtime.go:148.95,154.9 2 0
github.com/mitchell-wallace/rally/internal/relay/route_runtime.go:155.42,156.31 1 0
github.com/mitchell-wallace/rally/internal/relay/route_runtime.go:156.31,158.4 1 0
github.com/mitchell-wallace/rally/internal/relay/route_runtime.go:159.3,160.35 2 0
github.com/mitchell-wallace/rally/internal/relay/route_runtime.go:161.67,163.149 2 0
github.com/mitchell-wallace/rally/internal/relay/route_runtime.go:164.10,165.100 1 0
github.com/mitchell-wallace/rally/internal/relay/route_runtime.go:167.2,167.29 1 0
github.com/mitchell-wallace/rally/internal/relay/route_runtime.go:167.29,169.3 1 0
github.com/mitchell-wallace/rally/internal/relay/route_runtime.go:170.2,170.23 1 0
github.com/mitchell-wallace/rally/internal/relay/route_runtime.go:173.113,175.16 2 1
github.com/mitchell-wallace/rally/internal/relay/route_runtime.go:175.16,177.3 1 0
github.com/mitchell-wallace/rally/internal/relay/route_runtime.go:179.2,182.16 2 1
github.com/mitchell-wallace/rally/internal/relay/route_runtime.go:182.16,184.3 1 0
github.com/mitchell-wallace/rally/internal/relay/route_runtime.go:186.2,186.23 1 1
github.com/mitchell-wallace/rally/internal/relay/route_runtime.go:189.144,191.2 1 1
github.com/mitchell-wallace/rally/internal/relay/route_runtime.go:193.235,195.16 2 1
github.com/mitchell-wallace/rally/internal/relay/route_runtime.go:195.16,197.3 1 0
github.com/mitchell-wallace/rally/internal/relay/route_runtime.go:199.2,200.16 2 1
github.com/mitchell-wallace/rally/internal/relay/route_runtime.go:200.16,202.3 1 0
github.com/mitchell-wallace/rally/internal/relay/route_runtime.go:204.2,204.77 1 1
github.com/mitchell-wallace/rally/internal/relay/route_runtime.go:207.153,209.2 1 1
github.com/mitchell-wallace/rally/internal/relay/route_runtime.go:211.244,213.16 2 1
github.com/mitchell-wallace/rally/internal/relay/route_runtime.go:213.16,215.3 1 0
github.com/mitchell-wallace/rally/internal/relay/route_runtime.go:217.2,219.43 3 1
github.com/mitchell-wallace/rally/internal/relay/route_runtime.go:219.43,221.17 2 1
github.com/mitchell-wallace/rally/internal/relay/route_runtime.go:221.17,223.4 1 0
github.com/mitchell-wallace/rally/internal/relay/route_runtime.go:225.3,226.17 2 1
github.com/mitchell-wallace/rally/internal/relay/route_runtime.go:226.17,228.4 1 0
github.com/mitchell-wallace/rally/internal/relay/route_runtime.go:229.3,230.32 2 1
github.com/mitchell-wallace/rally/internal/relay/route_runtime.go:230.32,232.4 1 1
github.com/mitchell-wallace/rally/internal/relay/route_runtime.go:235.2,235.21 1 1
github.com/mitchell-wallace/rally/internal/relay/route_runtime.go:235.21,238.32 3 1
github.com/mitchell-wallace/rally/internal/relay/route_runtime.go:238.32,240.4 1 1
github.com/mitchell-wallace/rally/internal/relay/route_runtime.go:243.2,252.8 1 1
github.com/mitchell-wallace/rally/internal/relay/route_runtime.go:255.91,262.16 6 1
github.com/mitchell-wallace/rally/internal/relay/route_runtime.go:262.16,264.3 1 1
github.com/mitchell-wallace/rally/internal/relay/route_runtime.go:266.2,266.40 1 1
github.com/mitchell-wallace/rally/internal/relay/route_runtime.go:266.40,268.10 2 1
github.com/mitchell-wallace/rally/internal/relay/route_runtime.go:269.30,274.6 2 1
github.com/mitchell-wallace/rally/internal/relay/route_runtime.go:275.31,277.26 2 1
github.com/mitchell-wallace/rally/internal/relay/route_runtime.go:277.26,282.10 2 0
github.com/mitchell-wallace/rally/internal/relay/route_runtime.go:284.4,284.80 1 1
github.com/mitchell-wallace/rally/internal/relay/route_runtime.go:284.80,289.10 2 1
github.com/mitchell-wallace/rally/internal/relay/route_runtime.go:291.4,293.25 3 1
github.com/mitchell-wallace/rally/internal/relay/route_runtime.go:297.2,298.22 2 1
github.com/mitchell-wallace/rally/internal/relay/route_runtime.go:298.22,300.3 1 0
github.com/mitchell-wallace/rally/internal/relay/route_runtime.go:302.2,305.16 3 1
github.com/mitchell-wallace/rally/internal/relay/route_runtime.go:305.16,306.61 1 1
github.com/mitchell-wallace/rally/internal/relay/route_runtime.go:306.61,308.4 1 1
github.com/mitchell-wallace/rally/internal/relay/route_runtime.go:309.3,309.31 1 0
github.com/mitchell-wallace/rally/internal/relay/route_runtime.go:311.2,314.73 3 1
github.com/mitchell-wallace/rally/internal/relay/route_runtime.go:314.73,316.17 2 1
github.com/mitchell-wallace/rally/internal/relay/route_runtime.go:316.17,318.4 1 0
github.com/mitchell-wallace/rally/internal/relay/route_runtime.go:321.2,322.16 2 1
github.com/mitchell-wallace/rally/internal/relay/route_runtime.go:322.16,324.3 1 0
github.com/mitchell-wallace/rally/internal/relay/route_runtime.go:326.2,332.72 6 1
github.com/mitchell-wallace/rally/internal/relay/route_runtime.go:332.72,333.44 1 1
github.com/mitchell-wallace/rally/internal/relay/route_runtime.go:333.44,336.4 2 1
github.com/mitchell-wallace/rally/internal/relay/route_runtime.go:338.2,352.8 2 1
github.com/mitchell-wallace/rally/internal/relay/route_runtime.go:355.54,358.9 3 1
github.com/mitchell-wallace/rally/internal/relay/route_runtime.go:359.22,360.14 1 1
github.com/mitchell-wallace/rally/internal/relay/route_runtime.go:361.18,362.18 1 0
github.com/mitchell-wallace/rally/internal/relay/route_runtime.go:363.10,364.32 1 1
github.com/mitchell-wallace/rally/internal/relay/route_runtime.go:368.55,369.23 1 1
github.com/mitchell-wallace/rally/internal/relay/route_runtime.go:369.23,371.3 1 1
github.com/mitchell-wallace/rally/internal/relay/route_runtime.go:372.2,376.15 2 1
github.com/mitchell-wallace/rally/internal/relay/route_runtime.go:379.124,380.48 1 1
github.com/mitchell-wallace/rally/internal/relay/route_runtime.go:380.48,382.17 2 1
github.com/mitchell-wallace/rally/internal/relay/route_runtime.go:382.17,383.12 1 0
github.com/mitchell-wallace/rally/internal/relay/route_runtime.go:389.3,389.51 1 1
github.com/mitchell-wallace/rally/internal/relay/route_runtime.go:389.51,391.12 2 1
github.com/mitchell-wallace/rally/internal/relay/route_runtime.go:394.3,395.17 2 1
github.com/mitchell-wallace/rally/internal/relay/route_runtime.go:396.20,397.21 1 1
github.com/mitchell-wallace/rally/internal/relay/route_runtime.go:397.21,399.5 1 1
github.com/mitchell-wallace/rally/internal/relay/route_runtime.go:400.20,401.73 1 1
github.com/mitchell-wallace/rally/internal/relay/route_runtime.go:401.73,403.5 1 1
github.com/mitchell-wallace/rally/internal/relay/route_runtime.go:403.10,403.50 1 1
github.com/mitchell-wallace/rally/internal/relay/route_runtime.go:403.50,405.5 1 1
github.com/mitchell-wallace/rally/internal/relay/route_runtime.go:406.23,418.61 1 1
github.com/mitchell-wallace/rally/internal/relay/route_runtime.go:418.61,421.5 2 1
github.com/mitchell-wallace/rally/internal/relay/route_runtime.go:421.10,421.50 1 1
github.com/mitchell-wallace/rally/internal/relay/route_runtime.go:421.50,423.5 1 1
github.com/mitchell-wallace/rally/internal/relay/route_runtime.go:424.20,425.43 1 1
github.com/mitchell-wallace/rally/internal/relay/route_runtime.go:425.43,427.5 1 1
github.com/mitchell-wallace/rally/internal/relay/route_runtime.go:428.21,434.49 1 1
github.com/mitchell-wallace/rally/internal/relay/route_runtime.go:443.106,445.16 2 1
github.com/mitchell-wallace/rally/internal/relay/route_runtime.go:445.16,447.3 1 0
github.com/mitchell-wallace/rally/internal/relay/route_runtime.go:448.2,448.40 1 1
github.com/mitchell-wallace/rally/internal/relay/route_runtime.go:448.40,449.30 1 1
github.com/mitchell-wallace/rally/internal/relay/route_runtime.go:450.20,451.15 1 1
github.com/mitchell-wallace/rally/internal/relay/route_runtime.go:452.17,453.16 1 1
github.com/mitchell-wallace/rally/internal/relay/route_runtime.go:456.2,456.14 1 1
github.com/mitchell-wallace/rally/internal/relay/route_runtime.go:459.147,467.48 7 1
github.com/mitchell-wallace/rally/internal/relay/route_runtime.go:467.48,469.17 2 1
github.com/mitchell-wallace/rally/internal/relay/route_runtime.go:469.17,470.12 1 0
github.com/mitchell-wallace/rally/internal/relay/route_runtime.go:472.3,472.33 1 1
github.com/mitchell-wallace/rally/internal/relay/route_runtime.go:472.33,473.12 1 0
github.com/mitchell-wallace/rally/internal/relay/route_runtime.go:475.3,481.51 3 1
github.com/mitchell-wallace/rally/internal/relay/route_runtime.go:481.51,483.12 2 1
github.com/mitchell-wallace/rally/internal/relay/route_runtime.go:486.3,488.17 3 1
github.com/mitchell-wallace/rally/internal/relay/route_runtime.go:489.20,490.72 1 1
github.com/mitchell-wallace/rally/internal/relay/route_runtime.go:491.21,496.11 2 1
github.com/mitchell-wallace/rally/internal/relay/route_runtime.go:496.11,497.13 1 0
github.com/mitchell-wallace/rally/internal/relay/route_runtime.go:499.4,499.44 1 1
github.com/mitchell-wallace/rally/internal/relay/route_runtime.go:500.20,502.12 2 1
github.com/mitchell-wallace/rally/internal/relay/route_runtime.go:503.11,504.12 1 1
github.com/mitchell-wallace/rally/internal/relay/route_runtime.go:507.3,507.15 1 1
github.com/mitchell-wallace/rally/internal/relay/route_runtime.go:507.15,509.4 1 0
github.com/mitchell-wallace/rally/internal/relay/route_runtime.go:510.3,510.33 1 1
github.com/mitchell-wallace/rally/internal/relay/route_runtime.go:510.33,513.4 2 1
github.com/mitchell-wallace/rally/internal/relay/route_runtime.go:516.2,516.46 1 1
github.com/mitchell-wallace/rally/internal/relay/route_runtime.go:516.46,523.3 1 1
github.com/mitchell-wallace/rally/internal/relay/route_runtime.go:525.2,525.13 1 1
github.com/mitchell-wallace/rally/internal/relay/route_runtime.go:525.13,532.3 1 1
github.com/mitchell-wallace/rally/internal/relay/route_runtime.go:534.2,534.48 1 1
github.com/mitchell-wallace/rally/internal/relay/route_runtime.go:534.48,540.3 1 1
github.com/mitchell-wallace/rally/internal/relay/route_runtime.go:542.2,546.3 1 1
github.com/mitchell-wallace/rally/internal/relay/route_runtime.go:552.134,555.53 3 1
github.com/mitchell-wallace/rally/internal/relay/route_runtime.go:555.53,557.49 2 1
github.com/mitchell-wallace/rally/internal/relay/route_runtime.go:557.49,559.18 2 1
github.com/mitchell-wallace/rally/internal/relay/route_runtime.go:559.18,560.13 1 0
github.com/mitchell-wallace/rally/internal/relay/route_runtime.go:562.4,562.30 1 1
github.com/mitchell-wallace/rally/internal/relay/route_runtime.go:562.30,563.13 1 0
github.com/mitchell-wallace/rally/internal/relay/route_runtime.go:565.4,571.55 3 1
github.com/mitchell-wallace/rally/internal/relay/route_runtime.go:571.55,572.13 1 1
github.com/mitchell-wallace/rally/internal/relay/route_runtime.go:574.4,574.64 1 1
github.com/mitchell-wallace/rally/internal/relay/route_runtime.go:574.64,576.5 1 0
github.com/mitchell-wallace/rally/internal/relay/route_runtime.go:577.4,577.14 1 1
github.com/mitchell-wallace/rally/internal/relay/route_runtime.go:580.2,580.22 1 1
github.com/mitchell-wallace/rally/internal/relay/route_runtime.go:590.167,593.53 3 1
github.com/mitchell-wallace/rally/internal/relay/route_runtime.go:593.53,595.49 2 1
github.com/mitchell-wallace/rally/internal/relay/route_runtime.go:595.49,597.18 2 1
github.com/mitchell-wallace/rally/internal/relay/route_runtime.go:597.18,598.13 1 0
github.com/mitchell-wallace/rally/internal/relay/route_runtime.go:600.4,600.30 1 1
github.com/mitchell-wallace/rally/internal/relay/route_runtime.go:600.30,601.13 1 0
github.com/mitchell-wallace/rally/internal/relay/route_runtime.go:603.4,604.53 2 1
github.com/mitchell-wallace/rally/internal/relay/route_runtime.go:604.53,605.13 1 1
github.com/mitchell-wallace/rally/internal/relay/route_runtime.go:607.4,607.78 1 1
github.com/mitchell-wallace/rally/internal/relay/route_runtime.go:607.78,609.5 1 0
github.com/mitchell-wallace/rally/internal/relay/route_runtime.go:610.4,610.13 1 1
github.com/mitchell-wallace/rally/internal/relay/route_runtime.go:613.2,613.21 1 1
github.com/mitchell-wallace/rally/internal/relay/route_runtime.go:616.109,618.16 2 1
github.com/mitchell-wallace/rally/internal/relay/route_runtime.go:618.16,620.3 1 0
github.com/mitchell-wallace/rally/internal/relay/route_runtime.go:621.2,621.36 1 1
github.com/mitchell-wallace/rally/internal/relay/route_runtime.go:624.112,626.16 2 1
github.com/mitchell-wallace/rally/internal/relay/route_runtime.go:626.16,628.3 1 0
github.com/mitchell-wallace/rally/internal/relay/route_runtime.go:629.2,629.98 1 1
github.com/mitchell-wallace/rally/internal/relay/route_runtime.go:632.122,633.84 1 1
github.com/mitchell-wallace/rally/internal/relay/route_runtime.go:633.84,634.63 1 1
github.com/mitchell-wallace/rally/internal/relay/route_runtime.go:634.63,636.4 1 1
github.com/mitchell-wallace/rally/internal/relay/route_runtime.go:638.2,638.22 1 1
github.com/mitchell-wallace/rally/internal/relay/route_runtime.go:645.98,647.16 2 1
github.com/mitchell-wallace/rally/internal/relay/route_runtime.go:647.16,649.3 1 0
github.com/mitchell-wallace/rally/internal/relay/route_runtime.go:650.2,650.40 1 1
github.com/mitchell-wallace/rally/internal/relay/route_runtime.go:650.40,651.30 1 1
github.com/mitchell-wallace/rally/internal/relay/route_runtime.go:652.18,654.18 2 1
github.com/mitchell-wallace/rally/internal/relay/route_runtime.go:654.18,656.5 1 0
github.com/mitchell-wallace/rally/internal/relay/route_runtime.go:657.4,657.24 1 1
github.com/mitchell-wallace/rally/internal/relay/route_runtime.go:658.78,659.29 1 0
github.com/mitchell-wallace/rally/internal/relay/route_runtime.go:662.2,662.27 1 0
github.com/mitchell-wallace/rally/internal/relay/route_runtime.go:665.89,667.16 2 1
github.com/mitchell-wallace/rally/internal/relay/route_runtime.go:667.16,669.3 1 0
github.com/mitchell-wallace/rally/internal/relay/route_runtime.go:671.2,671.25 1 1
github.com/mitchell-wallace/rally/internal/relay/route_runtime.go:671.25,673.3 1 0
github.com/mitchell-wallace/rally/internal/relay/route_runtime.go:675.2,676.34 2 1
github.com/mitchell-wallace/rally/internal/relay/route_runtime.go:676.34,679.43 3 1
github.com/mitchell-wallace/rally/internal/relay/route_runtime.go:679.43,680.31 1 1
github.com/mitchell-wallace/rally/internal/relay/route_runtime.go:680.31,681.10 1 1
github.com/mitchell-wallace/rally/internal/relay/route_runtime.go:683.4,683.11 1 0
github.com/mitchell-wallace/rally/internal/relay/route_runtime.go:685.3,686.13 2 1
github.com/mitchell-wallace/rally/internal/relay/route_runtime.go:689.2,689.32 1 1
github.com/mitchell-wallace/rally/internal/relay/route_runtime.go:692.107,694.32 2 1
github.com/mitchell-wallace/rally/internal/relay/route_runtime.go:694.32,696.17 2 1
github.com/mitchell-wallace/rally/internal/relay/route_runtime.go:696.17,698.4 1 0
github.com/mitchell-wallace/rally/internal/relay/route_runtime.go:699.3,700.22 2 1
github.com/mitchell-wallace/rally/internal/relay/route_runtime.go:702.2,702.22 1 1
github.com/mitchell-wallace/rally/internal/relay/route_runtime.go:705.84,706.21 1 1
github.com/mitchell-wallace/rally/internal/relay/route_runtime.go:706.21,708.3 1 1
github.com/mitchell-wallace/rally/internal/relay/route_runtime.go:710.2,719.40 4 1
github.com/mitchell-wallace/rally/internal/relay/route_runtime.go:719.40,721.3 1 1
github.com/mitchell-wallace/rally/internal/relay/route_runtime.go:723.2,724.21 2 1
github.com/mitchell-wallace/rally/internal/relay/route_runtime.go:724.21,726.3 1 1
github.com/mitchell-wallace/rally/internal/relay/route_runtime.go:727.2,727.22 1 1
github.com/mitchell-wallace/rally/internal/relay/route_runtime.go:730.58,732.26 2 1
github.com/mitchell-wallace/rally/internal/relay/route_runtime.go:732.26,734.3 1 1
github.com/mitchell-wallace/rally/internal/relay/route_runtime.go:735.2,735.13 1 1
github.com/mitchell-wallace/rally/internal/relay/route_runtime.go:738.78,740.2 1 1
github.com/mitchell-wallace/rally/internal/relay/runner.go:110.81,111.24 1 1
github.com/mitchell-wallace/rally/internal/relay/runner.go:111.24,113.3 1 1
github.com/mitchell-wallace/rally/internal/relay/runner.go:114.2,115.20 2 0
github.com/mitchell-wallace/rally/internal/relay/runner.go:120.40,121.18 1 1
github.com/mitchell-wallace/rally/internal/relay/runner.go:121.18,123.3 1 1
github.com/mitchell-wallace/rally/internal/relay/runner.go:124.2,124.14 1 1
github.com/mitchell-wallace/rally/internal/relay/runner.go:129.52,131.2 1 1
github.com/mitchell-wallace/rally/internal/relay/runner.go:135.39,136.24 1 1
github.com/mitchell-wallace/rally/internal/relay/runner.go:136.24,138.3 1 1
github.com/mitchell-wallace/rally/internal/relay/runner.go:139.2,139.20 1 1
github.com/mitchell-wallace/rally/internal/relay/runner.go:142.61,143.25 1 1
github.com/mitchell-wallace/rally/internal/relay/runner.go:143.25,145.3 1 1
github.com/mitchell-wallace/rally/internal/relay/runner.go:151.80,160.2 1 1
github.com/mitchell-wallace/rally/internal/relay/runner.go:167.100,171.2 3 1
github.com/mitchell-wallace/rally/internal/relay/runner.go:176.93,178.25 2 1
github.com/mitchell-wallace/rally/internal/relay/runner.go:178.25,180.3 1 1
github.com/mitchell-wallace/rally/internal/relay/runner.go:181.2,181.46 1 1
github.com/mitchell-wallace/rally/internal/relay/runner.go:181.46,183.3 1 1
github.com/mitchell-wallace/rally/internal/relay/runner.go:184.2,187.3 1 1
github.com/mitchell-wallace/rally/internal/relay/runner.go:200.129,202.51 2 1
github.com/mitchell-wallace/rally/internal/relay/runner.go:202.51,204.3 1 1
github.com/mitchell-wallace/rally/internal/relay/runner.go:205.2,205.59 1 1
github.com/mitchell-wallace/rally/internal/relay/runner.go:205.59,207.3 1 1
github.com/mitchell-wallace/rally/internal/relay/runner.go:208.2,209.12 2 1
github.com/mitchell-wallace/rally/internal/relay/runner.go:212.129,213.39 1 1
github.com/mitchell-wallace/rally/internal/relay/runner.go:213.39,215.3 1 1
github.com/mitchell-wallace/rally/internal/relay/runner.go:216.2,217.52 2 1
github.com/mitchell-wallace/rally/internal/relay/runner.go:217.52,219.3 1 1
github.com/mitchell-wallace/rally/internal/relay/runner.go:220.2,225.9 2 1
github.com/mitchell-wallace/rally/internal/relay/runner.go:228.48,229.47 1 1
github.com/mitchell-wallace/rally/internal/relay/runner.go:230.114,231.14 1 1
github.com/mitchell-wallace/rally/internal/relay/runner.go:232.10,233.15 1 1
github.com/mitchell-wallace/rally/internal/relay/runner.go:237.110,238.28 1 1
github.com/mitchell-wallace/rally/internal/relay/runner.go:238.28,240.3 1 1
github.com/mitchell-wallace/rally/internal/relay/runner.go:241.2,241.25 1 1
github.com/mitchell-wallace/rally/internal/relay/runner.go:241.25,243.3 1 1
github.com/mitchell-wallace/rally/internal/relay/runner.go:244.2,246.46 3 1
github.com/mitchell-wallace/rally/internal/relay/runner.go:246.46,250.3 3 1
github.com/mitchell-wallace/rally/internal/relay/runner.go:251.2,256.21 3 1
github.com/mitchell-wallace/rally/internal/relay/runner.go:256.21,258.3 1 1
github.com/mitchell-wallace/rally/internal/relay/runner.go:258.8,260.3 1 1
github.com/mitchell-wallace/rally/internal/relay/runner.go:263.72,264.29 1 1
github.com/mitchell-wallace/rally/internal/relay/runner.go:264.29,266.3 1 1
github.com/mitchell-wallace/rally/internal/relay/runner.go:267.2,267.102 1 1
github.com/mitchell-wallace/rally/internal/relay/runner.go:267.102,269.3 1 0
github.com/mitchell-wallace/rally/internal/relay/runner.go:270.2,271.39 2 1
github.com/mitchell-wallace/rally/internal/relay/runner.go:274.113,276.24 2 1
github.com/mitchell-wallace/rally/internal/relay/runner.go:276.24,278.3 1 1
github.com/mitchell-wallace/rally/internal/relay/runner.go:279.2,279.17 1 1
github.com/mitchell-wallace/rally/internal/relay/runner.go:279.17,281.3 1 1
github.com/mitchell-wallace/rally/internal/relay/runner.go:282.2,282.56 1 1
github.com/mitchell-wallace/rally/internal/relay/runner.go:282.56,284.3 1 1
github.com/mitchell-wallace/rally/internal/relay/runner.go:287.196,292.25 5 1
github.com/mitchell-wallace/rally/internal/relay/runner.go:292.25,294.3 1 1
github.com/mitchell-wallace/rally/internal/relay/runner.go:295.2,296.29 2 1
github.com/mitchell-wallace/rally/internal/relay/runner.go:296.29,298.3 1 1
github.com/mitchell-wallace/rally/internal/relay/runner.go:299.2,303.3 1 1
github.com/mitchell-wallace/rally/internal/relay/runner.go:310.68,312.16 2 1
github.com/mitchell-wallace/rally/internal/relay/runner.go:312.16,314.3 1 1
github.com/mitchell-wallace/rally/internal/relay/runner.go:315.2,316.22 2 1
github.com/mitchell-wallace/rally/internal/relay/runner.go:319.84,321.2 1 1
github.com/mitchell-wallace/rally/internal/relay/runner.go:323.77,325.2 1 1
github.com/mitchell-wallace/rally/internal/relay/runner.go:327.89,333.2 1 1
github.com/mitchell-wallace/rally/internal/relay/runner.go:344.63,346.18 2 1
github.com/mitchell-wallace/rally/internal/relay/runner.go:346.18,349.3 2 1
github.com/mitchell-wallace/rally/internal/relay/runner.go:350.2,350.45 1 1
github.com/mitchell-wallace/rally/internal/relay/runner.go:356.134,358.13 2 1
github.com/mitchell-wallace/rally/internal/relay/runner.go:359.38,364.51 1 1
github.com/mitchell-wallace/rally/internal/relay/runner.go:364.51,366.4 1 1
github.com/mitchell-wallace/rally/internal/relay/runner.go:367.3,367.15 1 1
github.com/mitchell-wallace/rally/internal/relay/runner.go:368.42,369.19 1 1
github.com/mitchell-wallace/rally/internal/relay/runner.go:369.19,371.4 1 1
github.com/mitchell-wallace/rally/internal/relay/runner.go:372.3,372.15 1 0
github.com/mitchell-wallace/rally/internal/relay/runner.go:373.10,374.15 1 1
github.com/mitchell-wallace/rally/internal/relay/runner.go:378.78,379.21 1 1
github.com/mitchell-wallace/rally/internal/relay/runner.go:379.21,381.3 1 0
github.com/mitchell-wallace/rally/internal/relay/runner.go:382.2,382.29 1 1
github.com/mitchell-wallace/rally/internal/relay/runner.go:382.29,384.3 1 1
github.com/mitchell-wallace/rally/internal/relay/runner.go:385.2,385.29 1 1
github.com/mitchell-wallace/rally/internal/relay/runner.go:385.29,386.64 1 1
github.com/mitchell-wallace/rally/internal/relay/runner.go:386.64,388.4 1 1
github.com/mitchell-wallace/rally/internal/relay/runner.go:390.2,390.10 1 1
github.com/mitchell-wallace/rally/internal/relay/runner.go:393.49,396.15 3 1
github.com/mitchell-wallace/rally/internal/relay/runner.go:396.15,398.3 1 1
github.com/mitchell-wallace/rally/internal/relay/runner.go:399.2,399.36 1 0
github.com/mitchell-wallace/rally/internal/relay/runner.go:402.51,404.17 2 1
github.com/mitchell-wallace/rally/internal/relay/runner.go:404.17,406.3 1 1
github.com/mitchell-wallace/rally/internal/relay/runner.go:407.2,407.45 1 1
github.com/mitchell-wallace/rally/internal/relay/runner.go:429.102,430.16 1 1
github.com/mitchell-wallace/rally/internal/relay/runner.go:430.16,432.3 1 0
github.com/mitchell-wallace/rally/internal/relay/runner.go:434.2,436.15 3 1
github.com/mitchell-wallace/rally/internal/relay/runner.go:436.15,436.32 1 1
github.com/mitchell-wallace/rally/internal/relay/runner.go:437.2,442.30 5 1
github.com/mitchell-wallace/rally/internal/relay/runner.go:442.30,444.3 1 1
github.com/mitchell-wallace/rally/internal/relay/runner.go:445.2,445.21 1 1
github.com/mitchell-wallace/rally/internal/relay/runner.go:452.159,461.42 7 1
github.com/mitchell-wallace/rally/internal/relay/runner.go:461.42,462.20 1 1
github.com/mitchell-wallace/rally/internal/relay/runner.go:462.20,464.4 1 0
github.com/mitchell-wallace/rally/internal/relay/runner.go:465.3,471.41 4 1
github.com/mitchell-wallace/rally/internal/relay/runner.go:471.41,472.37 1 1
github.com/mitchell-wallace/rally/internal/relay/runner.go:472.37,474.5 1 1
github.com/mitchell-wallace/rally/internal/relay/runner.go:474.10,476.5 1 0
github.com/mitchell-wallace/rally/internal/relay/runner.go:482.3,483.25 2 1
github.com/mitchell-wallace/rally/internal/relay/runner.go:483.25,485.4 1 1
github.com/mitchell-wallace/rally/internal/relay/runner.go:486.3,493.60 2 1
github.com/mitchell-wallace/rally/internal/relay/runner.go:495.2,495.18 1 1
github.com/mitchell-wallace/rally/internal/relay/runner.go:495.18,499.3 1 1
github.com/mitchell-wallace/rally/internal/relay/runner.go:501.2,502.6 2 1
github.com/mitchell-wallace/rally/internal/relay/runner.go:502.6,503.10 1 1
github.com/mitchell-wallace/rally/internal/relay/runner.go:504.21,506.24 2 1
github.com/mitchell-wallace/rally/internal/relay/runner.go:507.28,508.24 1 1
github.com/mitchell-wallace/rally/internal/relay/runner.go:508.24,511.45 1 1
github.com/mitchell-wallace/rally/internal/relay/runner.go:511.45,515.6 3 1
github.com/mitchell-wallace/rally/internal/relay/runner.go:516.5,516.13 1 1
github.com/mitchell-wallace/rally/internal/relay/runner.go:518.4,518.24 1 1
github.com/mitchell-wallace/rally/internal/relay/runner.go:519.29,521.23 2 1
github.com/mitchell-wallace/rally/internal/relay/runner.go:522.50,524.23 2 1
github.com/mitchell-wallace/rally/internal/relay/runner.go:527.26,529.47 2 1
github.com/mitchell-wallace/rally/internal/relay/runner.go:529.47,532.5 2 1
github.com/mitchell-wallace/rally/internal/relay/runner.go:533.4,533.21 1 1
github.com/mitchell-wallace/rally/internal/relay/runner.go:543.46,544.11 1 1
github.com/mitchell-wallace/rally/internal/relay/runner.go:544.11,546.3 1 1
github.com/mitchell-wallace/rally/internal/relay/runner.go:547.2,548.16 2 1
github.com/mitchell-wallace/rally/internal/relay/runner.go:548.16,550.3 1 1
github.com/mitchell-wallace/rally/internal/relay/runner.go:551.2,553.11 3 1
github.com/mitchell-wallace/rally/internal/relay/runner.go:553.11,555.3 1 1
github.com/mitchell-wallace/rally/internal/relay/runner.go:556.2,556.30 1 1
github.com/mitchell-wallace/rally/internal/relay/runner.go:571.42,572.50 1 1
github.com/mitchell-wallace/rally/internal/relay/runner.go:572.50,574.3 1 1
github.com/mitchell-wallace/rally/internal/relay/runner.go:575.2,575.19 1 1
github.com/mitchell-wallace/rally/internal/relay/runner.go:578.47,579.24 1 1
github.com/mitchell-wallace/rally/internal/relay/runner.go:579.24,581.3 1 1
github.com/mitchell-wallace/rally/internal/relay/runner.go:582.2,582.38 1 1
github.com/mitchell-wallace/rally/internal/relay/runner.go:582.38,584.3 1 1
github.com/mitchell-wallace/rally/internal/relay/runner.go:585.2,585.35 1 1
github.com/mitchell-wallace/rally/internal/relay/runner.go:585.35,587.3 1 0
github.com/mitchell-wallace/rally/internal/relay/runner.go:588.2,589.16 2 1
github.com/mitchell-wallace/rally/internal/relay/runner.go:589.16,590.20 1 1
github.com/mitchell-wallace/rally/internal/relay/runner.go:590.20,593.4 2 1
github.com/mitchell-wallace/rally/internal/relay/runner.go:594.3,594.28 1 1
github.com/mitchell-wallace/rally/internal/relay/runner.go:596.2,597.32 2 1
github.com/mitchell-wallace/rally/internal/relay/runner.go:600.45,601.32 1 1
github.com/mitchell-wallace/rally/internal/relay/runner.go:601.32,603.3 1 1
github.com/mitchell-wallace/rally/internal/relay/runner.go:604.2,604.35 1 1
github.com/mitchell-wallace/rally/internal/relay/runner.go:604.35,606.17 2 1
github.com/mitchell-wallace/rally/internal/relay/runner.go:606.17,607.24 1 1
github.com/mitchell-wallace/rally/internal/relay/runner.go:607.24,610.5 2 1
github.com/mitchell-wallace/rally/internal/relay/runner.go:611.4,611.38 1 1
github.com/mitchell-wallace/rally/internal/relay/runner.go:613.3,614.30 2 1
github.com/mitchell-wallace/rally/internal/relay/runner.go:616.2,616.36 1 1
github.com/mitchell-wallace/rally/internal/relay/runner.go:619.32,621.2 1 1
github.com/mitchell-wallace/rally/internal/relay/runner.go:623.49,628.16 3 1
github.com/mitchell-wallace/rally/internal/relay/runner.go:628.16,630.3 1 0
github.com/mitchell-wallace/rally/internal/relay/runner.go:632.2,634.13 3 1
github.com/mitchell-wallace/rally/internal/relay/runner.go:634.13,635.33 1 0
github.com/mitchell-wallace/rally/internal/relay/runner.go:635.33,637.18 2 0
github.com/mitchell-wallace/rally/internal/relay/runner.go:637.18,639.5 1 0
github.com/mitchell-wallace/rally/internal/relay/runner.go:640.4,641.54 2 0
github.com/mitchell-wallace/rally/internal/relay/runner.go:641.54,643.5 1 0
github.com/mitchell-wallace/rally/internal/relay/runner.go:644.9,646.18 2 0
github.com/mitchell-wallace/rally/internal/relay/runner.go:646.18,648.5 1 0
github.com/mitchell-wallace/rally/internal/relay/runner.go:650.8,652.17 2 1
github.com/mitchell-wallace/rally/internal/relay/runner.go:652.17,654.4 1 0
github.com/mitchell-wallace/rally/internal/relay/runner.go:655.3,656.17 2 1
github.com/mitchell-wallace/rally/internal/relay/runner.go:656.17,658.4 1 0
github.com/mitchell-wallace/rally/internal/relay/runner.go:660.2,662.44 2 1
github.com/mitchell-wallace/rally/internal/relay/runner.go:662.44,664.3 1 1
github.com/mitchell-wallace/rally/internal/relay/runner.go:666.2,667.16 2 1
github.com/mitchell-wallace/rally/internal/relay/runner.go:667.16,669.3 1 0
github.com/mitchell-wallace/rally/internal/relay/runner.go:670.2,671.15 2 1
github.com/mitchell-wallace/rally/internal/relay/runner.go:671.15,673.3 1 1
github.com/mitchell-wallace/rally/internal/relay/runner.go:675.2,693.23 10 1
github.com/mitchell-wallace/rally/internal/relay/runner.go:693.23,695.3 1 1
github.com/mitchell-wallace/rally/internal/relay/runner.go:698.2,700.27 3 1
github.com/mitchell-wallace/rally/internal/relay/runner.go:700.27,703.35 2 1
github.com/mitchell-wallace/rally/internal/relay/runner.go:703.35,705.53 2 1
github.com/mitchell-wallace/rally/internal/relay/runner.go:705.53,707.5 1 0
github.com/mitchell-wallace/rally/internal/relay/runner.go:709.4,710.54 2 1
github.com/mitchell-wallace/rally/internal/relay/runner.go:710.54,712.5 1 0
github.com/mitchell-wallace/rally/internal/relay/runner.go:714.3,714.18 1 1
github.com/mitchell-wallace/rally/internal/relay/runner.go:717.2,719.57 3 1
github.com/mitchell-wallace/rally/internal/relay/runner.go:719.57,720.23 1 1
github.com/mitchell-wallace/rally/internal/relay/runner.go:720.23,722.4 1 1
github.com/mitchell-wallace/rally/internal/relay/runner.go:723.3,723.24 1 1
github.com/mitchell-wallace/rally/internal/relay/runner.go:723.24,725.9 2 1
github.com/mitchell-wallace/rally/internal/relay/runner.go:728.3,729.17 2 1
github.com/mitchell-wallace/rally/internal/relay/runner.go:729.17,730.37 1 1
github.com/mitchell-wallace/rally/internal/relay/runner.go:730.37,733.10 3 1
github.com/mitchell-wallace/rally/internal/relay/runner.go:735.4,735.14 1 0
github.com/mitchell-wallace/rally/internal/relay/runner.go:738.3,739.17 2 1
github.com/mitchell-wallace/rally/internal/relay/runner.go:739.17,741.33 2 1
github.com/mitchell-wallace/rally/internal/relay/runner.go:741.33,742.27 1 1
github.com/mitchell-wallace/rally/internal/relay/runner.go:742.27,758.6 4 1
github.com/mitchell-wallace/rally/internal/relay/runner.go:759.5,759.27 1 1
github.com/mitchell-wallace/rally/internal/relay/runner.go:759.27,763.6 3 1
github.com/mitchell-wallace/rally/internal/relay/runner.go:764.5,766.23 3 1
github.com/mitchell-wallace/rally/internal/relay/runner.go:766.23,768.6 1 1
github.com/mitchell-wallace/rally/internal/relay/runner.go:769.5,769.20 1 0
github.com/mitchell-wallace/rally/internal/relay/runner.go:770.22,772.20 2 0
github.com/mitchell-wallace/rally/internal/relay/runner.go:772.20,774.7 1 0
github.com/mitchell-wallace/rally/internal/relay/runner.go:775.6,775.109 1 0
github.com/mitchell-wallace/rally/internal/relay/runner.go:776.22,778.28 2 0
github.com/mitchell-wallace/rally/internal/relay/runner.go:780.5,780.13 1 0
github.com/mitchell-wallace/rally/internal/relay/runner.go:782.4,782.14 1 0
github.com/mitchell-wallace/rally/internal/relay/runner.go:784.3,784.36 1 1
github.com/mitchell-wallace/rally/internal/relay/runner.go:784.36,787.4 2 1
github.com/mitchell-wallace/rally/internal/relay/runner.go:788.3,813.61 8 1
github.com/mitchell-wallace/rally/internal/relay/runner.go:813.61,832.64 9 1
github.com/mitchell-wallace/rally/internal/relay/runner.go:832.64,834.5 1 1
github.com/mitchell-wallace/rally/internal/relay/runner.go:835.4,836.42 2 1
github.com/mitchell-wallace/rally/internal/relay/runner.go:837.9,837.34 1 1
github.com/mitchell-wallace/rally/internal/relay/runner.go:837.34,839.4 1 1
github.com/mitchell-wallace/rally/internal/relay/runner.go:840.3,840.31 1 1
github.com/mitchell-wallace/rally/internal/relay/runner.go:840.31,843.38 3 1
github.com/mitchell-wallace/rally/internal/relay/runner.go:843.38,845.5 1 0
github.com/mitchell-wallace/rally/internal/relay/runner.go:846.4,866.7 2 1
github.com/mitchell-wallace/rally/internal/relay/runner.go:868.3,869.87 2 1
github.com/mitchell-wallace/rally/internal/relay/runner.go:869.87,872.4 1 0
github.com/mitchell-wallace/rally/internal/relay/runner.go:872.9,875.30 2 1
github.com/mitchell-wallace/rally/internal/relay/runner.go:875.30,876.55 1 1
github.com/mitchell-wallace/rally/internal/relay/runner.go:876.55,879.55 3 1
github.com/mitchell-wallace/rally/internal/relay/runner.go:879.55,881.7 1 0
github.com/mitchell-wallace/rally/internal/relay/runner.go:882.6,883.11 2 1
github.com/mitchell-wallace/rally/internal/relay/runner.go:888.3,898.11 1 1
github.com/mitchell-wallace/rally/internal/relay/runner.go:898.11,900.5 1 1
github.com/mitchell-wallace/rally/internal/relay/runner.go:901.11,903.5 1 1
github.com/mitchell-wallace/rally/internal/relay/runner.go:906.3,907.17 2 1
github.com/mitchell-wallace/rally/internal/relay/runner.go:907.17,910.4 2 0
github.com/mitchell-wallace/rally/internal/relay/runner.go:911.3,911.22 1 1
github.com/mitchell-wallace/rally/internal/relay/runner.go:911.22,913.9 2 1
github.com/mitchell-wallace/rally/internal/relay/runner.go:915.3,915.19 1 1
github.com/mitchell-wallace/rally/internal/relay/runner.go:915.19,917.11 2 1
github.com/mitchell-wallace/rally/internal/relay/runner.go:918.28,919.48 1 1
github.com/mitchell-wallace/rally/internal/relay/runner.go:920.27,921.20 1 0
github.com/mitchell-wallace/rally/internal/relay/runner.go:922.27,923.46 1 1
github.com/mitchell-wallace/rally/internal/relay/runner.go:925.4,936.5 1 1
github.com/mitchell-wallace/rally/internal/relay/runner.go:937.9,939.4 1 1
github.com/mitchell-wallace/rally/internal/relay/runner.go:942.3,942.24 1 1
github.com/mitchell-wallace/rally/internal/relay/runner.go:942.24,948.29 6 1
github.com/mitchell-wallace/rally/internal/relay/runner.go:948.29,950.5 1 1
github.com/mitchell-wallace/rally/internal/relay/runner.go:951.4,951.54 1 1
github.com/mitchell-wallace/rally/internal/relay/runner.go:951.54,953.5 1 0
github.com/mitchell-wallace/rally/internal/relay/runner.go:954.4,954.12 1 1
github.com/mitchell-wallace/rally/internal/relay/runner.go:956.3,956.19 1 1
github.com/mitchell-wallace/rally/internal/relay/runner.go:956.19,958.4 1 1
github.com/mitchell-wallace/rally/internal/relay/runner.go:965.3,965.41 1 1
github.com/mitchell-wallace/rally/internal/relay/runner.go:965.41,967.32 2 1
github.com/mitchell-wallace/rally/internal/relay/runner.go:967.32,968.41 1 1
github.com/mitchell-wallace/rally/internal/relay/runner.go:968.41,970.6 1 0
github.com/mitchell-wallace/rally/internal/relay/runner.go:970.11,970.48 1 1
github.com/mitchell-wallace/rally/internal/relay/runner.go:970.48,972.6 1 1
github.com/mitchell-wallace/rally/internal/relay/runner.go:974.4,983.54 2 1
github.com/mitchell-wallace/rally/internal/relay/runner.go:983.54,987.24 4 1
github.com/mitchell-wallace/rally/internal/relay/runner.go:987.24,989.6 1 0
github.com/mitchell-wallace/rally/internal/relay/runner.go:990.5,991.79 1 1
github.com/mitchell-wallace/rally/internal/relay/runner.go:995.3,995.26 1 1
github.com/mitchell-wallace/rally/internal/relay/runner.go:995.26,996.72 1 1
github.com/mitchell-wallace/rally/internal/relay/runner.go:996.72,997.92 1 1
github.com/mitchell-wallace/rally/internal/relay/runner.go:997.92,999.6 1 0
github.com/mitchell-wallace/rally/internal/relay/runner.go:1000.10,1001.115 1 0
github.com/mitchell-wallace/rally/internal/relay/runner.go:1001.115,1003.6 1 0
github.com/mitchell-wallace/rally/internal/relay/runner.go:1005.9,1005.35 1 1
github.com/mitchell-wallace/rally/internal/relay/runner.go:1005.35,1006.19 1 1
github.com/mitchell-wallace/rally/internal/relay/runner.go:1006.19,1007.92 1 1
github.com/mitchell-wallace/rally/internal/relay/runner.go:1007.92,1009.6 1 0
github.com/mitchell-wallace/rally/internal/relay/runner.go:1010.10,1010.84 1 1
github.com/mitchell-wallace/rally/internal/relay/runner.go:1010.84,1011.99 1 1
github.com/mitchell-wallace/rally/internal/relay/runner.go:1011.99,1013.6 1 0
github.com/mitchell-wallace/rally/internal/relay/runner.go:1015.9,1016.93 1 1
github.com/mitchell-wallace/rally/internal/relay/runner.go:1016.93,1017.90 1 1
github.com/mitchell-wallace/rally/internal/relay/runner.go:1017.90,1019.6 1 0
github.com/mitchell-wallace/rally/internal/relay/runner.go:1023.3,1023.18 1 1
github.com/mitchell-wallace/rally/internal/relay/runner.go:1023.18,1026.43 3 1
github.com/mitchell-wallace/rally/internal/relay/runner.go:1026.43,1030.63 4 1
github.com/mitchell-wallace/rally/internal/relay/runner.go:1030.63,1032.6 1 0
github.com/mitchell-wallace/rally/internal/relay/runner.go:1034.5,1034.63 1 1
github.com/mitchell-wallace/rally/internal/relay/runner.go:1034.63,1036.6 1 1
github.com/mitchell-wallace/rally/internal/relay/runner.go:1038.4,1038.72 1 1
github.com/mitchell-wallace/rally/internal/relay/runner.go:1038.72,1042.60 4 1
github.com/mitchell-wallace/rally/internal/relay/runner.go:1042.60,1044.6 1 0
github.com/mitchell-wallace/rally/internal/relay/runner.go:1046.5,1046.60 1 1
github.com/mitchell-wallace/rally/internal/relay/runner.go:1046.60,1048.6 1 0
github.com/mitchell-wallace/rally/internal/relay/runner.go:1050.9,1052.4 1 1
github.com/mitchell-wallace/rally/internal/relay/runner.go:1054.3,1055.28 2 1
github.com/mitchell-wallace/rally/internal/relay/runner.go:1055.28,1057.4 1 1
github.com/mitchell-wallace/rally/internal/relay/runner.go:1058.3,1058.53 1 1
github.com/mitchell-wallace/rally/internal/relay/runner.go:1058.53,1060.4 1 0
github.com/mitchell-wallace/rally/internal/relay/runner.go:1063.2,1063.57 1 1
github.com/mitchell-wallace/rally/internal/relay/runner.go:1063.57,1064.58 1 1
github.com/mitchell-wallace/rally/internal/relay/runner.go:1064.58,1066.4 1 0
github.com/mitchell-wallace/rally/internal/relay/runner.go:1067.3,1067.53 1 1
github.com/mitchell-wallace/rally/internal/relay/runner.go:1071.2,1073.19 3 1
github.com/mitchell-wallace/rally/internal/relay/runner.go:1073.19,1077.3 3 1
github.com/mitchell-wallace/rally/internal/relay/runner.go:1079.2,1079.12 1 1
github.com/mitchell-wallace/rally/internal/relay/runner.go:1088.114,1089.18 1 1
github.com/mitchell-wallace/rally/internal/relay/runner.go:1089.18,1091.3 1 0
github.com/mitchell-wallace/rally/internal/relay/runner.go:1092.2,1093.66 2 1
github.com/mitchell-wallace/rally/internal/relay/runner.go:1093.66,1095.3 1 0
github.com/mitchell-wallace/rally/internal/relay/runner.go:1097.2,1099.56 3 1
github.com/mitchell-wallace/rally/internal/relay/runner.go:1099.56,1101.3 1 1
github.com/mitchell-wallace/rally/internal/relay/runner.go:1103.2,1103.65 1 1
github.com/mitchell-wallace/rally/internal/relay/runner.go:1103.65,1106.3 2 0
github.com/mitchell-wallace/rally/internal/relay/runner.go:1109.2,1109.89 1 1
github.com/mitchell-wallace/rally/internal/relay/runner.go:1109.89,1111.3 1 0
github.com/mitchell-wallace/rally/internal/relay/runner.go:1113.2,1114.56 2 1
github.com/mitchell-wallace/rally/internal/relay/runner.go:1114.56,1117.3 2 0
github.com/mitchell-wallace/rally/internal/relay/runner.go:1118.2,1123.4 2 1
github.com/mitchell-wallace/rally/internal/relay/runner.go:1127.59,1128.18 1 1
github.com/mitchell-wallace/rally/internal/relay/runner.go:1128.18,1130.3 1 1
github.com/mitchell-wallace/rally/internal/relay/runner.go:1138.97,1145.27 4 1
github.com/mitchell-wallace/rally/internal/relay/runner.go:1145.27,1146.28 1 1
github.com/mitchell-wallace/rally/internal/relay/runner.go:1146.28,1147.12 1 1
github.com/mitchell-wallace/rally/internal/relay/runner.go:1149.3,1150.12 2 1
github.com/mitchell-wallace/rally/internal/relay/runner.go:1150.12,1152.4 1 1
github.com/mitchell-wallace/rally/internal/relay/runner.go:1153.3,1153.45 1 1
github.com/mitchell-wallace/rally/internal/relay/runner.go:1153.45,1155.4 1 1
github.com/mitchell-wallace/rally/internal/relay/runner.go:1156.3,1156.49 1 1
github.com/mitchell-wallace/rally/internal/relay/runner.go:1156.49,1158.4 1 1
github.com/mitchell-wallace/rally/internal/relay/runner.go:1159.3,1159.26 1 1
github.com/mitchell-wallace/rally/internal/relay/runner.go:1161.2,1161.30 1 1
github.com/mitchell-wallace/rally/internal/relay/runner.go:1161.30,1163.10 2 1
github.com/mitchell-wallace/rally/internal/relay/runner.go:1164.24,1165.15 1 1
github.com/mitchell-wallace/rally/internal/relay/runner.go:1166.24,1167.20 1 1
github.com/mitchell-wallace/rally/internal/relay/runner.go:1168.11,1169.15 1 1
github.com/mitchell-wallace/rally/internal/relay/runner.go:1172.2,1172.45 1 1
github.com/mitchell-wallace/rally/internal/relay/runner.go:1175.110,1176.36 1 1
github.com/mitchell-wallace/rally/internal/relay/runner.go:1176.36,1178.3 1 1
github.com/mitchell-wallace/rally/internal/relay/runner.go:1179.2,1179.64 1 1
github.com/mitchell-wallace/rally/internal/relay/runner.go:1179.64,1181.3 1 1
github.com/mitchell-wallace/rally/internal/relay/runner.go:1183.2,1184.44 2 1
github.com/mitchell-wallace/rally/internal/relay/runner.go:1184.44,1186.3 1 0
github.com/mitchell-wallace/rally/internal/relay/runner.go:1191.2,1191.64 1 1
github.com/mitchell-wallace/rally/internal/relay/runner.go:1191.64,1193.3 1 1
github.com/mitchell-wallace/rally/internal/relay/runner.go:1196.92,1198.26 2 1
github.com/mitchell-wallace/rally/internal/relay/runner.go:1198.26,1200.60 2 1
github.com/mitchell-wallace/rally/internal/relay/runner.go:1200.60,1204.4 3 1
github.com/mitchell-wallace/rally/internal/relay/runner.go:1205.3,1205.107 1 1
github.com/mitchell-wallace/rally/internal/relay/runner.go:1207.2,1207.50 1 1
github.com/mitchell-wallace/rally/internal/relay/runner.go:1207.50,1212.3 4 1
github.com/mitchell-wallace/rally/internal/relay/runner.go:1213.2,1213.21 1 1
github.com/mitchell-wallace/rally/internal/relay/runner.go:1216.52,1217.21 1 1
github.com/mitchell-wallace/rally/internal/relay/runner.go:1217.21,1219.3 1 1
github.com/mitchell-wallace/rally/internal/relay/runner.go:1220.2,1221.96 2 1
github.com/mitchell-wallace/rally/internal/relay/runner.go:1221.96,1223.3 1 1
github.com/mitchell-wallace/rally/internal/relay/runner.go:1224.2,1224.15 1 1
github.com/mitchell-wallace/rally/internal/relay/runner.go:1229.49,1230.28 1 1
github.com/mitchell-wallace/rally/internal/relay/runner.go:1230.28,1232.3 1 1
github.com/mitchell-wallace/rally/internal/relay/runner.go:1233.2,1233.48 1 0
github.com/mitchell-wallace/rally/internal/relay/runner.go:1241.89,1248.2 6 1
github.com/mitchell-wallace/rally/internal/relay/runner.go:1334.45,1336.2 1 1
github.com/mitchell-wallace/rally/internal/relay/runner.go:1359.67,1362.6 2 1
github.com/mitchell-wallace/rally/internal/relay/runner.go:1362.6,1363.10 1 1
github.com/mitchell-wallace/rally/internal/relay/runner.go:1364.25,1367.20 3 1
github.com/mitchell-wallace/rally/internal/relay/runner.go:1368.24,1373.20 2 1
github.com/mitchell-wallace/rally/internal/relay/runner.go:1374.24,1379.20 2 1
github.com/mitchell-wallace/rally/internal/relay/runner.go:1380.25,1383.32 3 1
github.com/mitchell-wallace/rally/internal/relay/runner.go:1383.32,1385.5 1 1
github.com/mitchell-wallace/rally/internal/relay/runner.go:1386.22,1387.54 1 1
github.com/mitchell-wallace/rally/internal/relay/runner.go:1387.54,1388.13 1 1
github.com/mitchell-wallace/rally/internal/relay/runner.go:1390.4,1391.18 2 1
github.com/mitchell-wallace/rally/internal/relay/runner.go:1391.18,1393.13 2 0
github.com/mitchell-wallace/rally/internal/relay/runner.go:1395.4,1395.16 1 1
github.com/mitchell-wallace/rally/internal/relay/runner.go:1395.16,1396.13 1 1
github.com/mitchell-wallace/rally/internal/relay/runner.go:1398.4,1400.24 3 1
github.com/mitchell-wallace/rally/internal/relay/runner.go:1400.24,1402.5 1 1
github.com/mitchell-wallace/rally/internal/relay/runner.go:1403.4,1403.123 1 1
github.com/mitchell-wallace/rally/internal/relay/runner.go:1404.30,1405.24 1 1
github.com/mitchell-wallace/rally/internal/relay/runner.go:1405.24,1410.13 2 1
github.com/mitchell-wallace/rally/internal/relay/runner.go:1412.4,1412.24 1 1
github.com/mitchell-wallace/rally/internal/relay/runner.go:1413.29,1420.21 7 1
github.com/mitchell-wallace/rally/internal/relay/runner.go:1421.30,1428.21 7 1
github.com/mitchell-wallace/rally/internal/relay/runner.go:1429.29,1442.21 7 1
github.com/mitchell-wallace/rally/internal/relay/runner.go:1443.29,1458.21 7 1
github.com/mitchell-wallace/rally/internal/relay/runner.go:1462.2,1462.12 1 1
github.com/mitchell-wallace/rally/internal/relay/runner.go:1469.85,1471.6 1 1
github.com/mitchell-wallace/rally/internal/relay/runner.go:1471.6,1472.10 1 1
github.com/mitchell-wallace/rally/internal/relay/runner.go:1473.25,1476.19 3 1
github.com/mitchell-wallace/rally/internal/relay/runner.go:1477.25,1480.25 1 0
github.com/mitchell-wallace/rally/internal/relay/runner.go:1481.30,1485.63 1 1
github.com/mitchell-wallace/rally/internal/relay/runner.go:1485.63,1486.13 1 0
github.com/mitchell-wallace/rally/internal/relay/runner.go:1488.4,1489.20 2 1
github.com/mitchell-wallace/rally/internal/relay/runner.go:1489.20,1491.5 1 1
github.com/mitchell-wallace/rally/internal/relay/runner.go:1492.4,1496.27 2 1
github.com/mitchell-wallace/rally/internal/relay/runner.go:1496.27,1498.5 1 1
github.com/mitchell-wallace/rally/internal/relay/runner.go:1507.83,1508.15 1 1
github.com/mitchell-wallace/rally/internal/relay/runner.go:1508.15,1509.24 1 1
github.com/mitchell-wallace/rally/internal/relay/runner.go:1509.24,1511.4 1 1
github.com/mitchell-wallace/rally/internal/relay/runner.go:1512.3,1512.24 1 1
github.com/mitchell-wallace/rally/internal/relay/runner.go:1512.24,1514.4 1 1
github.com/mitchell-wallace/rally/internal/relay/runner.go:1516.2,1516.38 1 1
github.com/mitchell-wallace/rally/internal/relay/runner.go:1564.88,1565.14 1 1
github.com/mitchell-wallace/rally/internal/relay/runner.go:1565.14,1567.3 1 0
github.com/mitchell-wallace/rally/internal/relay/runner.go:1568.2,1579.27 2 1
github.com/mitchell-wallace/rally/internal/relay/runner.go:1579.27,1580.24 1 1
github.com/mitchell-wallace/rally/internal/relay/runner.go:1580.24,1581.12 1 1
github.com/mitchell-wallace/rally/internal/relay/runner.go:1583.3,1584.18 2 1
github.com/mitchell-wallace/rally/internal/relay/runner.go:1584.18,1585.25 1 1
github.com/mitchell-wallace/rally/internal/relay/runner.go:1586.16,1587.22 1 1
github.com/mitchell-wallace/rally/internal/relay/runner.go:1588.12,1589.23 1 1
github.com/mitchell-wallace/rally/internal/relay/runner.go:1608.23,1616.24 6 1
github.com/mitchell-wallace/rally/internal/relay/runner.go:1616.24,1618.3 1 1
github.com/mitchell-wallace/rally/internal/relay/runner.go:1619.2,1620.21 2 1
github.com/mitchell-wallace/rally/internal/relay/runner.go:1620.21,1622.3 1 1
github.com/mitchell-wallace/rally/internal/relay/runner.go:1624.2,1625.25 2 1
github.com/mitchell-wallace/rally/internal/relay/runner.go:1625.25,1627.3 1 1
github.com/mitchell-wallace/rally/internal/relay/runner.go:1628.2,1648.69 14 1
github.com/mitchell-wallace/rally/internal/relay/runner.go:1648.69,1662.3 1 1
github.com/mitchell-wallace/rally/internal/relay/runner.go:1663.2,1681.16 9 1
github.com/mitchell-wallace/rally/internal/relay/runner.go:1681.16,1683.3 1 0
github.com/mitchell-wallace/rally/internal/relay/runner.go:1687.2,1693.22 5 1
github.com/mitchell-wallace/rally/internal/relay/runner.go:1693.22,1695.3 1 1
github.com/mitchell-wallace/rally/internal/relay/runner.go:1696.2,1696.19 1 1
github.com/mitchell-wallace/rally/internal/relay/runner.go:1696.19,1698.3 1 1
github.com/mitchell-wallace/rally/internal/relay/runner.go:1699.2,1699.17 1 1
github.com/mitchell-wallace/rally/internal/relay/runner.go:1699.17,1701.3 1 1
github.com/mitchell-wallace/rally/internal/relay/runner.go:1709.2,1711.26 3 1
github.com/mitchell-wallace/rally/internal/relay/runner.go:1711.26,1716.3 4 1
github.com/mitchell-wallace/rally/internal/relay/runner.go:1717.2,1718.60 2 1
github.com/mitchell-wallace/rally/internal/relay/runner.go:1718.60,1724.3 1 1
github.com/mitchell-wallace/rally/internal/relay/runner.go:1725.2,1727.54 2 1
github.com/mitchell-wallace/rally/internal/relay/runner.go:1727.54,1729.23 2 1
github.com/mitchell-wallace/rally/internal/relay/runner.go:1729.23,1731.4 1 0
github.com/mitchell-wallace/rally/internal/relay/runner.go:1732.3,1732.24 1 1
github.com/mitchell-wallace/rally/internal/relay/runner.go:1732.24,1734.4 1 0
github.com/mitchell-wallace/rally/internal/relay/runner.go:1736.3,1736.18 1 1
github.com/mitchell-wallace/rally/internal/relay/runner.go:1736.18,1737.64 1 1
github.com/mitchell-wallace/rally/internal/relay/runner.go:1737.64,1739.21 2 1
github.com/mitchell-wallace/rally/internal/relay/runner.go:1739.21,1742.6 2 1
github.com/mitchell-wallace/rally/internal/relay/runner.go:1743.10,1746.5 2 1
github.com/mitchell-wallace/rally/internal/relay/runner.go:1751.3,1773.28 4 1
github.com/mitchell-wallace/rally/internal/relay/runner.go:1773.28,1774.29 1 1
github.com/mitchell-wallace/rally/internal/relay/runner.go:1774.29,1776.5 1 1
github.com/mitchell-wallace/rally/internal/relay/runner.go:1776.10,1778.5 1 0
github.com/mitchell-wallace/rally/internal/relay/runner.go:1780.3,1783.68 3 1
github.com/mitchell-wallace/rally/internal/relay/runner.go:1783.68,1785.4 1 0
github.com/mitchell-wallace/rally/internal/relay/runner.go:1786.3,1786.71 1 1
github.com/mitchell-wallace/rally/internal/relay/runner.go:1786.71,1788.4 1 0
github.com/mitchell-wallace/rally/internal/relay/runner.go:1790.3,1796.28 6 1
github.com/mitchell-wallace/rally/internal/relay/runner.go:1796.28,1798.4 1 1
github.com/mitchell-wallace/rally/internal/relay/runner.go:1800.3,1801.24 2 1
github.com/mitchell-wallace/rally/internal/relay/runner.go:1801.24,1806.4 2 1
github.com/mitchell-wallace/rally/internal/relay/runner.go:1810.3,1810.19 1 1
github.com/mitchell-wallace/rally/internal/relay/runner.go:1810.19,1812.80 2 1
github.com/mitchell-wallace/rally/internal/relay/runner.go:1812.80,1814.5 1 1
github.com/mitchell-wallace/rally/internal/relay/runner.go:1815.4,1828.39 2 1
github.com/mitchell-wallace/rally/internal/relay/runner.go:1831.3,1837.18 1 1
github.com/mitchell-wallace/rally/internal/relay/runner.go:1837.18,1840.4 2 0
github.com/mitchell-wallace/rally/internal/relay/runner.go:1842.3,1852.26 8 1
github.com/mitchell-wallace/rally/internal/relay/runner.go:1852.26,1854.4 1 1
github.com/mitchell-wallace/rally/internal/relay/runner.go:1855.3,1864.45 5 1
github.com/mitchell-wallace/rally/internal/relay/runner.go:1864.45,1867.4 2 1
github.com/mitchell-wallace/rally/internal/relay/runner.go:1868.3,1876.32 8 1
github.com/mitchell-wallace/rally/internal/relay/runner.go:1876.32,1877.11 1 1
github.com/mitchell-wallace/rally/internal/relay/runner.go:1878.22,1878.22 0 1
github.com/mitchell-wallace/rally/internal/relay/runner.go:1879.12,1879.12 0 0
github.com/mitchell-wallace/rally/internal/relay/runner.go:1882.3,1882.13 1 1
github.com/mitchell-wallace/rally/internal/relay/runner.go:1882.13,1885.4 2 1
github.com/mitchell-wallace/rally/internal/relay/runner.go:1887.3,1893.21 4 1
github.com/mitchell-wallace/rally/internal/relay/runner.go:1893.21,1895.4 1 1
github.com/mitchell-wallace/rally/internal/relay/runner.go:1896.3,1915.26 3 1
github.com/mitchell-wallace/rally/internal/relay/runner.go:1915.26,1917.4 1 1
github.com/mitchell-wallace/rally/internal/relay/runner.go:1919.3,1922.29 4 1
github.com/mitchell-wallace/rally/internal/relay/runner.go:1922.29,1924.4 1 1
github.com/mitchell-wallace/rally/internal/relay/runner.go:1929.3,1941.20 9 1
github.com/mitchell-wallace/rally/internal/relay/runner.go:1941.20,1943.4 1 0
github.com/mitchell-wallace/rally/internal/relay/runner.go:1944.3,1950.27 6 1
github.com/mitchell-wallace/rally/internal/relay/runner.go:1950.27,1954.4 3 1
github.com/mitchell-wallace/rally/internal/relay/runner.go:1955.3,1956.43 2 1
github.com/mitchell-wallace/rally/internal/relay/runner.go:1956.43,1958.4 1 1
github.com/mitchell-wallace/rally/internal/relay/runner.go:1959.3,1964.29 5 1
github.com/mitchell-wallace/rally/internal/relay/runner.go:1964.29,1966.4 1 1
github.com/mitchell-wallace/rally/internal/relay/runner.go:1967.3,1977.69 11 1
github.com/mitchell-wallace/rally/internal/relay/runner.go:1977.69,1979.31 2 1
github.com/mitchell-wallace/rally/internal/relay/runner.go:1979.31,1981.5 1 0
github.com/mitchell-wallace/rally/internal/relay/runner.go:1982.4,1982.52 1 1
github.com/mitchell-wallace/rally/internal/relay/runner.go:1983.9,1983.102 1 1
github.com/mitchell-wallace/rally/internal/relay/runner.go:1983.102,1985.24 2 1
github.com/mitchell-wallace/rally/internal/relay/runner.go:1985.24,1987.5 1 0
github.com/mitchell-wallace/rally/internal/relay/runner.go:1987.10,1987.25 1 1
github.com/mitchell-wallace/rally/internal/relay/runner.go:1987.25,1990.5 2 1
github.com/mitchell-wallace/rally/internal/relay/runner.go:1993.3,1994.23 2 1
github.com/mitchell-wallace/rally/internal/relay/runner.go:1994.23,1996.4 1 1
github.com/mitchell-wallace/rally/internal/relay/runner.go:1997.3,2006.23 2 1
github.com/mitchell-wallace/rally/internal/relay/runner.go:2006.23,2007.91 1 1
github.com/mitchell-wallace/rally/internal/relay/runner.go:2007.91,2009.5 1 0
github.com/mitchell-wallace/rally/internal/relay/runner.go:2009.10,2009.53 1 1
github.com/mitchell-wallace/rally/internal/relay/runner.go:2009.53,2010.84 1 1
github.com/mitchell-wallace/rally/internal/relay/runner.go:2010.84,2012.6 1 1
github.com/mitchell-wallace/rally/internal/relay/runner.go:2013.5,2013.25 1 1
github.com/mitchell-wallace/rally/internal/relay/runner.go:2015.9,2015.80 1 1
github.com/mitchell-wallace/rally/internal/relay/runner.go:2015.80,2017.4 1 0
github.com/mitchell-wallace/rally/internal/relay/runner.go:2019.3,2021.27 3 1
github.com/mitchell-wallace/rally/internal/relay/runner.go:2021.27,2025.44 4 1
github.com/mitchell-wallace/rally/internal/relay/runner.go:2025.44,2027.5 1 1
github.com/mitchell-wallace/rally/internal/relay/runner.go:2028.9,2028.30 1 1
github.com/mitchell-wallace/rally/internal/relay/runner.go:2028.30,2030.4 1 0
github.com/mitchell-wallace/rally/internal/relay/runner.go:2039.3,2040.51 2 1
github.com/mitchell-wallace/rally/internal/relay/runner.go:2040.51,2048.47 4 1
github.com/mitchell-wallace/rally/internal/relay/runner.go:2048.47,2050.5 1 0
github.com/mitchell-wallace/rally/internal/relay/runner.go:2055.4,2094.21 3 1
github.com/mitchell-wallace/rally/internal/relay/runner.go:2094.21,2098.37 4 1
github.com/mitchell-wallace/rally/internal/relay/runner.go:2098.37,2100.6 1 0
github.com/mitchell-wallace/rally/internal/relay/runner.go:2102.4,2128.55 11 1
github.com/mitchell-wallace/rally/internal/relay/runner.go:2128.55,2130.5 1 0
github.com/mitchell-wallace/rally/internal/relay/runner.go:2131.4,2131.70 1 1
github.com/mitchell-wallace/rally/internal/relay/runner.go:2131.70,2133.5 1 0
github.com/mitchell-wallace/rally/internal/relay/runner.go:2134.4,2158.21 3 1
github.com/mitchell-wallace/rally/internal/relay/runner.go:2163.3,2166.15 4 1
github.com/mitchell-wallace/rally/internal/relay/runner.go:2166.15,2173.26 2 1
github.com/mitchell-wallace/rally/internal/relay/runner.go:2173.26,2175.5 1 1
github.com/mitchell-wallace/rally/internal/relay/runner.go:2175.10,2177.5 1 1
github.com/mitchell-wallace/rally/internal/relay/runner.go:2178.9,2178.24 1 1
github.com/mitchell-wallace/rally/internal/relay/runner.go:2178.24,2182.4 3 1
github.com/mitchell-wallace/rally/internal/relay/runner.go:2182.9,2182.28 1 1
github.com/mitchell-wallace/rally/internal/relay/runner.go:2182.28,2185.4 2 1
github.com/mitchell-wallace/rally/internal/relay/runner.go:2185.9,2185.48 1 1
github.com/mitchell-wallace/rally/internal/relay/runner.go:2185.48,2188.4 2 1
github.com/mitchell-wallace/rally/internal/relay/runner.go:2188.9,2190.19 2 1
github.com/mitchell-wallace/rally/internal/relay/runner.go:2190.19,2193.5 2 1
github.com/mitchell-wallace/rally/internal/relay/runner.go:2194.4,2195.71 2 1
github.com/mitchell-wallace/rally/internal/relay/runner.go:2195.71,2198.5 2 1
github.com/mitchell-wallace/rally/internal/relay/runner.go:2204.3,2205.88 2 1
github.com/mitchell-wallace/rally/internal/relay/runner.go:2205.88,2207.26 2 1
github.com/mitchell-wallace/rally/internal/relay/runner.go:2207.26,2208.16 1 0
github.com/mitchell-wallace/rally/internal/relay/runner.go:2208.16,2211.6 2 0
github.com/mitchell-wallace/rally/internal/relay/runner.go:2212.5,2212.285 1 0
github.com/mitchell-wallace/rally/internal/relay/runner.go:2215.3,2216.24 2 1
github.com/mitchell-wallace/rally/internal/relay/runner.go:2216.24,2217.81 1 1
github.com/mitchell-wallace/rally/internal/relay/runner.go:2217.81,2226.88 9 1
github.com/mitchell-wallace/rally/internal/relay/runner.go:2226.88,2228.6 1 1
github.com/mitchell-wallace/rally/internal/relay/runner.go:2228.11,2230.6 1 1
github.com/mitchell-wallace/rally/internal/relay/runner.go:2238.3,2238.67 1 1
github.com/mitchell-wallace/rally/internal/relay/runner.go:2238.67,2239.50 1 1
github.com/mitchell-wallace/rally/internal/relay/runner.go:2239.50,2241.5 1 1
github.com/mitchell-wallace/rally/internal/relay/runner.go:2241.10,2245.5 3 1
github.com/mitchell-wallace/rally/internal/relay/runner.go:2255.3,2255.46 1 1
github.com/mitchell-wallace/rally/internal/relay/runner.go:2255.46,2257.4 1 1
github.com/mitchell-wallace/rally/internal/relay/runner.go:2258.3,2268.25 4 1
github.com/mitchell-wallace/rally/internal/relay/runner.go:2268.25,2270.47 2 1
github.com/mitchell-wallace/rally/internal/relay/runner.go:2270.47,2273.5 2 1
github.com/mitchell-wallace/rally/internal/relay/runner.go:2284.3,2286.75 3 1
github.com/mitchell-wallace/rally/internal/relay/runner.go:2286.75,2298.28 8 1
github.com/mitchell-wallace/rally/internal/relay/runner.go:2298.28,2300.5 1 1
github.com/mitchell-wallace/rally/internal/relay/runner.go:2301.4,2302.57 2 1
github.com/mitchell-wallace/rally/internal/relay/runner.go:2302.57,2304.5 1 1
github.com/mitchell-wallace/rally/internal/relay/runner.go:2305.4,2305.64 1 1
github.com/mitchell-wallace/rally/internal/relay/runner.go:2305.64,2307.5 1 1
github.com/mitchell-wallace/rally/internal/relay/runner.go:2308.4,2308.29 1 1
github.com/mitchell-wallace/rally/internal/relay/runner.go:2309.34,2314.25 5 0
github.com/mitchell-wallace/rally/internal/relay/runner.go:2315.36,2316.27 1 1
github.com/mitchell-wallace/rally/internal/relay/runner.go:2317.40,2320.74 1 1
github.com/mitchell-wallace/rally/internal/relay/runner.go:2320.74,2322.31 2 1
github.com/mitchell-wallace/rally/internal/relay/runner.go:2322.31,2324.25 2 1
github.com/mitchell-wallace/rally/internal/relay/runner.go:2324.25,2327.8 2 1
github.com/mitchell-wallace/rally/internal/relay/runner.go:2327.13,2327.39 1 0
github.com/mitchell-wallace/rally/internal/relay/runner.go:2327.39,2330.8 2 0
github.com/mitchell-wallace/rally/internal/relay/runner.go:2332.6,2332.22 1 1
github.com/mitchell-wallace/rally/internal/relay/runner.go:2332.22,2334.29 2 1
github.com/mitchell-wallace/rally/internal/relay/runner.go:2334.29,2336.8 1 1
github.com/mitchell-wallace/rally/internal/relay/runner.go:2336.13,2338.8 1 0
github.com/mitchell-wallace/rally/internal/relay/runner.go:2341.42,2342.30 1 1
github.com/mitchell-wallace/rally/internal/relay/runner.go:2342.30,2344.6 1 1
github.com/mitchell-wallace/rally/internal/relay/runner.go:2346.9,2349.48 3 1
github.com/mitchell-wallace/rally/internal/relay/runner.go:2349.48,2351.5 1 1
github.com/mitchell-wallace/rally/internal/relay/runner.go:2353.3,2353.35 1 1
github.com/mitchell-wallace/rally/internal/relay/runner.go:2353.35,2363.113 4 1
github.com/mitchell-wallace/rally/internal/relay/runner.go:2363.113,2365.5 1 1
github.com/mitchell-wallace/rally/internal/relay/runner.go:2366.4,2369.25 4 1
github.com/mitchell-wallace/rally/internal/relay/runner.go:2369.25,2372.5 2 1
github.com/mitchell-wallace/rally/internal/relay/runner.go:2380.3,2380.135 1 1
github.com/mitchell-wallace/rally/internal/relay/runner.go:2380.135,2385.4 4 1
github.com/mitchell-wallace/rally/internal/relay/runner.go:2386.3,2398.17 4 1
github.com/mitchell-wallace/rally/internal/relay/runner.go:2398.17,2400.4 1 1
github.com/mitchell-wallace/rally/internal/relay/runner.go:2401.3,2441.20 3 1
github.com/mitchell-wallace/rally/internal/relay/runner.go:2441.20,2445.36 4 1
github.com/mitchell-wallace/rally/internal/relay/runner.go:2445.36,2448.5 1 0
github.com/mitchell-wallace/rally/internal/relay/runner.go:2450.3,2471.19 7 1
github.com/mitchell-wallace/rally/internal/relay/runner.go:2471.19,2473.4 1 1
github.com/mitchell-wallace/rally/internal/relay/runner.go:2474.3,2474.71 1 1
github.com/mitchell-wallace/rally/internal/relay/runner.go:2474.71,2477.4 2 1
github.com/mitchell-wallace/rally/internal/relay/runner.go:2478.3,2506.19 3 1
github.com/mitchell-wallace/rally/internal/relay/runner.go:2506.19,2508.4 1 1
github.com/mitchell-wallace/rally/internal/relay/runner.go:2509.3,2509.71 1 1
github.com/mitchell-wallace/rally/internal/relay/runner.go:2509.71,2511.4 1 1
github.com/mitchell-wallace/rally/internal/relay/runner.go:2512.3,2521.56 3 1
github.com/mitchell-wallace/rally/internal/relay/runner.go:2521.56,2523.4 1 1
github.com/mitchell-wallace/rally/internal/relay/runner.go:2524.3,2524.13 1 1
github.com/mitchell-wallace/rally/internal/relay/runner.go:2524.13,2526.4 1 1
github.com/mitchell-wallace/rally/internal/relay/runner.go:2527.3,2527.15 1 1
github.com/mitchell-wallace/rally/internal/relay/runner.go:2527.15,2530.26 3 1
github.com/mitchell-wallace/rally/internal/relay/runner.go:2530.26,2533.5 2 1
github.com/mitchell-wallace/rally/internal/relay/runner.go:2534.4,2537.25 4 1
github.com/mitchell-wallace/rally/internal/relay/runner.go:2537.25,2540.5 2 1
github.com/mitchell-wallace/rally/internal/relay/runner.go:2541.4,2541.57 1 1
github.com/mitchell-wallace/rally/internal/relay/runner.go:2541.57,2544.5 2 0
github.com/mitchell-wallace/rally/internal/relay/runner.go:2545.4,2554.28 10 1
github.com/mitchell-wallace/rally/internal/relay/runner.go:2554.28,2558.5 3 1
github.com/mitchell-wallace/rally/internal/relay/runner.go:2559.4,2559.47 1 1
github.com/mitchell-wallace/rally/internal/relay/runner.go:2559.47,2563.5 3 1
github.com/mitchell-wallace/rally/internal/relay/runner.go:2565.3,2565.21 1 1
github.com/mitchell-wallace/rally/internal/relay/runner.go:2565.21,2572.29 7 1
github.com/mitchell-wallace/rally/internal/relay/runner.go:2572.29,2574.5 1 1
github.com/mitchell-wallace/rally/internal/relay/runner.go:2575.4,2582.90 2 1
github.com/mitchell-wallace/rally/internal/relay/runner.go:2588.3,2588.52 1 1
github.com/mitchell-wallace/rally/internal/relay/runner.go:2588.52,2597.28 2 1
github.com/mitchell-wallace/rally/internal/relay/runner.go:2597.28,2599.5 1 1
github.com/mitchell-wallace/rally/internal/relay/runner.go:2600.4,2600.57 1 1
github.com/mitchell-wallace/rally/internal/relay/runner.go:2600.57,2602.5 1 0
github.com/mitchell-wallace/rally/internal/relay/runner.go:2603.4,2603.56 1 1
github.com/mitchell-wallace/rally/internal/relay/runner.go:2603.56,2605.5 1 1
github.com/mitchell-wallace/rally/internal/relay/runner.go:2610.4,2615.19 2 1
github.com/mitchell-wallace/rally/internal/relay/runner.go:2615.19,2622.5 1 1
github.com/mitchell-wallace/rally/internal/relay/runner.go:2624.3,2624.81 1 1
github.com/mitchell-wallace/rally/internal/relay/runner.go:2624.81,2633.4 2 1
github.com/mitchell-wallace/rally/internal/relay/runner.go:2634.3,2638.54 4 1
github.com/mitchell-wallace/rally/internal/relay/runner.go:2638.54,2640.4 1 1
github.com/mitchell-wallace/rally/internal/relay/runner.go:2641.3,2641.69 1 1
github.com/mitchell-wallace/rally/internal/relay/runner.go:2641.69,2643.4 1 0
github.com/mitchell-wallace/rally/internal/relay/runner.go:2644.3,2646.18 2 1
github.com/mitchell-wallace/rally/internal/relay/runner.go:2646.18,2647.25 1 0
github.com/mitchell-wallace/rally/internal/relay/runner.go:2647.25,2649.5 1 0
github.com/mitchell-wallace/rally/internal/relay/runner.go:2650.4,2650.25 1 0
github.com/mitchell-wallace/rally/internal/relay/runner.go:2650.25,2652.5 1 0
github.com/mitchell-wallace/rally/internal/relay/runner.go:2653.4,2655.21 3 0
github.com/mitchell-wallace/rally/internal/relay/runner.go:2655.21,2658.31 3 0
github.com/mitchell-wallace/rally/internal/relay/runner.go:2658.31,2660.6 1 0
github.com/mitchell-wallace/rally/internal/relay/runner.go:2661.10,2664.5 2 0
github.com/mitchell-wallace/rally/internal/relay/runner.go:2665.4,2665.12 1 0
github.com/mitchell-wallace/rally/internal/relay/runner.go:2668.3,2668.14 1 1
github.com/mitchell-wallace/rally/internal/relay/runner.go:2668.14,2669.46 1 1
github.com/mitchell-wallace/rally/internal/relay/runner.go:2669.46,2674.5 4 1
github.com/mitchell-wallace/rally/internal/relay/runner.go:2675.4,2677.21 3 1
github.com/mitchell-wallace/rally/internal/relay/runner.go:2680.3,2680.24 1 1
github.com/mitchell-wallace/rally/internal/relay/runner.go:2680.24,2681.21 1 1
github.com/mitchell-wallace/rally/internal/relay/runner.go:2683.3,2683.21 1 1
github.com/mitchell-wallace/rally/internal/relay/runner.go:2683.21,2684.21 1 0
github.com/mitchell-wallace/rally/internal/relay/runner.go:2690.3,2690.21 1 1
github.com/mitchell-wallace/rally/internal/relay/runner.go:2690.21,2692.21 2 1
github.com/mitchell-wallace/rally/internal/relay/runner.go:2702.3,2702.25 1 1
github.com/mitchell-wallace/rally/internal/relay/runner.go:2702.25,2710.24 2 1
github.com/mitchell-wallace/rally/internal/relay/runner.go:2710.24,2714.5 3 1
github.com/mitchell-wallace/rally/internal/relay/runner.go:2715.4,2715.21 1 1
github.com/mitchell-wallace/rally/internal/relay/runner.go:2718.3,2718.20 1 1
github.com/mitchell-wallace/rally/internal/relay/runner.go:2718.20,2721.30 3 1
github.com/mitchell-wallace/rally/internal/relay/runner.go:2721.30,2723.5 1 1
github.com/mitchell-wallace/rally/internal/relay/runner.go:2724.9,2727.4 2 0
github.com/mitchell-wallace/rally/internal/relay/runner.go:2735.2,2735.68 1 1
github.com/mitchell-wallace/rally/internal/relay/runner.go:2735.68,2741.21 2 1
github.com/mitchell-wallace/rally/internal/relay/runner.go:2741.21,2743.4 1 0
github.com/mitchell-wallace/rally/internal/relay/runner.go:2744.3,2746.24 3 1
github.com/mitchell-wallace/rally/internal/relay/runner.go:2746.24,2748.4 1 1
github.com/mitchell-wallace/rally/internal/relay/runner.go:2749.3,2749.20 1 1
github.com/mitchell-wallace/rally/internal/relay/runner.go:2749.20,2751.4 1 1
[...]
github.com/mitchell-wallace/rally/internal/relay/runner.go:3162.2,3162.90 1 1
github.com/mitchell-wallace/rally/internal/relay/runner.go:3167.71,3173.24 2 1
github.com/mitchell-wallace/rally/internal/relay/runner.go:3173.24,3174.24 1 1
github.com/mitchell-wallace/rally/internal/relay/runner.go:3174.24,3176.4 1 1
github.com/mitchell-wallace/rally/internal/relay/runner.go:3177.3,3177.19 1 1
github.com/mitchell-wallace/rally/internal/relay/runner.go:3180.2,3181.16 2 1
github.com/mitchell-wallace/rally/internal/relay/runner.go:3181.16,3183.3 1 0
github.com/mitchell-wallace/rally/internal/relay/runner.go:3184.2,3184.23 1 1
github.com/mitchell-wallace/rally/internal/relay/runner.go:3184.23,3186.3 1 1
github.com/mitchell-wallace/rally/internal/relay/runner.go:3188.2,3191.63 4 1
github.com/mitchell-wallace/rally/internal/relay/runner.go:3191.63,3193.3 1 1
github.com/mitchell-wallace/rally/internal/relay/runner.go:3194.2,3194.46 1 1
github.com/mitchell-wallace/rally/internal/relay/runner.go:3194.46,3196.3 1 1
github.com/mitchell-wallace/rally/internal/relay/runner.go:3196.8,3198.3 1 1
github.com/mitchell-wallace/rally/internal/relay/runner.go:3199.2,3202.18 3 1
github.com/mitchell-wallace/rally/internal/relay/runner.go:3202.18,3204.3 1 1
github.com/mitchell-wallace/rally/internal/relay/runner.go:3205.2,3205.24 1 1
github.com/mitchell-wallace/rally/internal/relay/runner.go:3205.24,3207.3 1 1
github.com/mitchell-wallace/rally/internal/relay/runner.go:3208.2,3210.18 2 1
github.com/mitchell-wallace/rally/internal/relay/runner.go:3218.75,3219.61 1 1
github.com/mitchell-wallace/rally/internal/relay/runner.go:3219.61,3221.3 1 1
github.com/mitchell-wallace/rally/internal/relay/runner.go:3223.2,3224.16 2 1
github.com/mitchell-wallace/rally/internal/relay/runner.go:3224.16,3226.3 1 0
github.com/mitchell-wallace/rally/internal/relay/runner.go:3227.2,3227.37 1 1
github.com/mitchell-wallace/rally/internal/relay/runner.go:3227.37,3229.3 1 1
github.com/mitchell-wallace/rally/internal/relay/runner.go:3232.2,3232.53 1 1
github.com/mitchell-wallace/rally/internal/relay/runner.go:3232.53,3234.3 1 1
github.com/mitchell-wallace/rally/internal/relay/runner.go:3235.2,3235.16 1 1
github.com/mitchell-wallace/rally/internal/relay/runner.go:3238.127,3240.9 2 1
github.com/mitchell-wallace/rally/internal/relay/runner.go:3240.9,3242.3 1 0
github.com/mitchell-wallace/rally/internal/relay/runner.go:3243.2,3243.32 1 1
github.com/mitchell-wallace/rally/internal/relay/runner.go:3246.45,3248.26 2 1
github.com/mitchell-wallace/rally/internal/relay/runner.go:3248.26,3250.3 1 1
github.com/mitchell-wallace/rally/internal/relay/runner.go:3251.2,3252.16 2 1
github.com/mitchell-wallace/rally/internal/relay/runner.go:3252.16,3254.3 1 1
github.com/mitchell-wallace/rally/internal/relay/runner.go:3255.2,3255.44 1 1
github.com/mitchell-wallace/rally/internal/relay/runner.go:3262.69,3264.16 2 1
github.com/mitchell-wallace/rally/internal/relay/runner.go:3264.16,3266.3 1 0
github.com/mitchell-wallace/rally/internal/relay/runner.go:3267.2,3268.75 2 1
github.com/mitchell-wallace/rally/internal/relay/runner.go:3268.75,3269.44 1 1
github.com/mitchell-wallace/rally/internal/relay/runner.go:3269.44,3271.4 1 1
github.com/mitchell-wallace/rally/internal/relay/runner.go:3273.2,3273.15 1 1
github.com/mitchell-wallace/rally/internal/relay/runner.go:3276.90,3278.16 2 1
github.com/mitchell-wallace/rally/internal/relay/runner.go:3278.16,3280.3 1 0
github.com/mitchell-wallace/rally/internal/relay/runner.go:3281.2,3281.9 1 1
github.com/mitchell-wallace/rally/internal/relay/runner.go:3281.9,3283.3 1 0
github.com/mitchell-wallace/rally/internal/relay/runner.go:3285.2,3285.65 1 1
github.com/mitchell-wallace/rally/internal/relay/runner.go:3285.65,3287.3 1 0
github.com/mitchell-wallace/rally/internal/relay/runner.go:3289.2,3290.16 2 1
github.com/mitchell-wallace/rally/internal/relay/runner.go:3290.16,3292.3 1 0
github.com/mitchell-wallace/rally/internal/relay/runner.go:3293.2,3294.58 2 1
github.com/mitchell-wallace/rally/internal/relay/runner.go:3294.58,3296.3 1 0
github.com/mitchell-wallace/rally/internal/relay/runner.go:3298.2,3299.33 2 1
github.com/mitchell-wallace/rally/internal/relay/runner.go:3299.33,3301.3 1 1
github.com/mitchell-wallace/rally/internal/relay/runner.go:3302.2,3303.67 2 1
github.com/mitchell-wallace/rally/internal/relay/runner.go:3303.67,3305.3 1 0
github.com/mitchell-wallace/rally/internal/relay/runner.go:3307.2,3308.16 2 1
github.com/mitchell-wallace/rally/internal/relay/runner.go:3308.16,3310.3 1 0
github.com/mitchell-wallace/rally/internal/relay/runner.go:3311.2,3311.48 1 1
github.com/mitchell-wallace/rally/internal/relay/runner.go:3319.111,3320.51 1 1
github.com/mitchell-wallace/rally/internal/relay/runner.go:3320.51,3324.3 3 0
github.com/mitchell-wallace/rally/internal/relay/runner.go:3326.2,3327.22 2 1
github.com/mitchell-wallace/rally/internal/relay/runner.go:3327.22,3329.69 2 1
github.com/mitchell-wallace/rally/internal/relay/runner.go:3329.69,3331.4 1 1
github.com/mitchell-wallace/rally/internal/relay/runner.go:3331.9,3331.30 1 1
github.com/mitchell-wallace/rally/internal/relay/runner.go:3331.30,3333.4 1 1
github.com/mitchell-wallace/rally/internal/relay/runner.go:3334.3,3334.33 1 1
github.com/mitchell-wallace/rally/internal/relay/runner.go:3334.33,3336.4 1 1
github.com/mitchell-wallace/rally/internal/relay/runner.go:3341.2,3341.22 1 1
github.com/mitchell-wallace/rally/internal/relay/runner.go:3341.22,3343.23 2 1
github.com/mitchell-wallace/rally/internal/relay/runner.go:3343.23,3345.64 2 1
github.com/mitchell-wallace/rally/internal/relay/runner.go:3345.64,3347.19 2 1
github.com/mitchell-wallace/rally/internal/relay/runner.go:3347.19,3348.14 1 1
github.com/mitchell-wallace/rally/internal/relay/runner.go:3351.5,3352.22 2 1
github.com/mitchell-wallace/rally/internal/relay/runner.go:3352.22,3354.6 1 1
github.com/mitchell-wallace/rally/internal/relay/runner.go:3355.5,3355.47 1 1
github.com/mitchell-wallace/rally/internal/relay/runner.go:3355.47,3356.14 1 1
github.com/mitchell-wallace/rally/internal/relay/runner.go:3358.5,3358.32 1 1
github.com/mitchell-wallace/rally/internal/relay/runner.go:3360.4,3360.22 1 1
github.com/mitchell-wallace/rally/internal/relay/runner.go:3360.22,3362.5 1 1
github.com/mitchell-wallace/rally/internal/relay/runner.go:3365.2,3365.12 1 1
github.com/mitchell-wallace/rally/internal/relay/runner.go:3368.39,3370.46 2 1
github.com/mitchell-wallace/rally/internal/relay/runner.go:3370.46,3372.20 2 1
github.com/mitchell-wallace/rally/internal/relay/runner.go:3372.20,3374.4 1 1
github.com/mitchell-wallace/rally/internal/relay/runner.go:3376.2,3376.12 1 1
github.com/mitchell-wallace/rally/internal/relay/runner.go:3379.66,3381.2 1 1
github.com/mitchell-wallace/rally/internal/relay/runner.go:3383.68,3385.29 2 1
github.com/mitchell-wallace/rally/internal/relay/runner.go:3385.29,3387.3 1 1
github.com/mitchell-wallace/rally/internal/relay/runner.go:3388.2,3388.12 1 1
github.com/mitchell-wallace/rally/internal/relay/runner.go:3391.43,3394.40 3 1
github.com/mitchell-wallace/rally/internal/relay/runner.go:3394.40,3395.33 1 1
github.com/mitchell-wallace/rally/internal/relay/runner.go:3395.33,3396.12 1 1
github.com/mitchell-wallace/rally/internal/relay/runner.go:3398.3,3399.27 2 1
github.com/mitchell-wallace/rally/internal/relay/runner.go:3401.2,3401.12 1 1
github.com/mitchell-wallace/rally/internal/relay/runner.go:3404.65,3405.35 1 1
github.com/mitchell-wallace/rally/internal/relay/runner.go:3405.35,3407.38 2 1
github.com/mitchell-wallace/rally/internal/relay/runner.go:3407.38,3409.4 1 1
github.com/mitchell-wallace/rally/internal/relay/runner.go:3411.2,3411.14 1 1
github.com/mitchell-wallace/rally/internal/relay/runner.go:3414.68,3415.55 1 1
github.com/mitchell-wallace/rally/internal/relay/runner.go:3415.55,3417.3 1 1
github.com/mitchell-wallace/rally/internal/relay/runner.go:3418.2,3418.56 1 1
github.com/mitchell-wallace/rally/internal/relay/runner.go:3421.82,3422.107 1 1
github.com/mitchell-wallace/rally/internal/relay/runner.go:3422.107,3424.3 1 1
github.com/mitchell-wallace/rally/internal/relay/runner.go:3425.2,3426.15 2 1
github.com/mitchell-wallace/rally/internal/relay/runner.go:3427.76,3428.15 1 1
github.com/mitchell-wallace/rally/internal/relay/runner.go:3429.10,3430.12 1 1
github.com/mitchell-wallace/rally/internal/relay/runner.go:3434.71,3436.16 2 1
github.com/mitchell-wallace/rally/internal/relay/runner.go:3436.16,3438.3 1 0
github.com/mitchell-wallace/rally/internal/relay/runner.go:3439.2,3440.32 2 1
github.com/mitchell-wallace/rally/internal/relay/runner.go:3440.32,3441.27 1 1
github.com/mitchell-wallace/rally/internal/relay/runner.go:3441.27,3442.12 1 1
github.com/mitchell-wallace/rally/internal/relay/runner.go:3444.3,3444.54 1 1
github.com/mitchell-wallace/rally/internal/relay/runner.go:3446.2,3446.12 1 1
github.com/mitchell-wallace/rally/internal/relay/runner.go:3449.63,3451.53 2 1
github.com/mitchell-wallace/rally/internal/relay/runner.go:3452.14,3453.53 1 1
github.com/mitchell-wallace/rally/internal/relay/runner.go:3453.53,3455.4 1 1
github.com/mitchell-wallace/rally/internal/relay/runner.go:3456.16,3457.38 1 0
github.com/mitchell-wallace/rally/internal/relay/runner.go:3458.21,3459.39 1 1
github.com/mitchell-wallace/rally/internal/relay/runner.go:3459.39,3460.46 1 1
github.com/mitchell-wallace/rally/internal/relay/runner.go:3460.46,3462.5 1 1
github.com/mitchell-wallace/rally/internal/relay/runner.go:3465.2,3465.12 1 1
github.com/mitchell-wallace/rally/internal/relay/runner.go:3468.96,3469.36 1 1
github.com/mitchell-wallace/rally/internal/relay/runner.go:3469.36,3471.3 1 0
github.com/mitchell-wallace/rally/internal/relay/runner.go:3472.2,3473.16 2 1
github.com/mitchell-wallace/rally/internal/relay/runner.go:3473.16,3474.33 1 1
github.com/mitchell-wallace/rally/internal/relay/runner.go:3474.33,3475.28 1 0
github.com/mitchell-wallace/rally/internal/relay/runner.go:3475.28,3476.13 1 0
github.com/mitchell-wallace/rally/internal/relay/runner.go:3478.4,3478.65 1 0
github.com/mitchell-wallace/rally/internal/relay/runner.go:3478.65,3480.5 1 0
github.com/mitchell-wallace/rally/internal/relay/runner.go:3483.2,3483.46 1 1
github.com/mitchell-wallace/rally/internal/relay/runner.go:3483.46,3485.3 1 1
github.com/mitchell-wallace/rally/internal/relay/runner.go:3486.2,3487.22 2 1
github.com/mitchell-wallace/rally/internal/relay/runner.go:3490.66,3492.16 2 1
github.com/mitchell-wallace/rally/internal/relay/runner.go:3492.16,3494.3 1 1
github.com/mitchell-wallace/rally/internal/relay/runner.go:3495.2,3502.53 2 1
github.com/mitchell-wallace/rally/internal/relay/runner.go:3502.53,3504.3 1 0
github.com/mitchell-wallace/rally/internal/relay/runner.go:3505.2,3505.35 1 1
github.com/mitchell-wallace/rally/internal/relay/runner.go:3505.35,3506.23 1 1
github.com/mitchell-wallace/rally/internal/relay/runner.go:3506.23,3507.12 1 0
github.com/mitchell-wallace/rally/internal/relay/runner.go:3509.3,3509.18 1 1
github.com/mitchell-wallace/rally/internal/relay/runner.go:3509.18,3511.4 1 1
github.com/mitchell-wallace/rally/internal/relay/runner.go:3512.3,3512.76 1 0
github.com/mitchell-wallace/rally/internal/relay/runner.go:3512.76,3514.4 1 0
github.com/mitchell-wallace/rally/internal/relay/runner.go:3515.3,3515.21 1 0
github.com/mitchell-wallace/rally/internal/relay/runner.go:3517.2,3517.21 1 0
github.com/mitchell-wallace/rally/internal/relay/runner.go:3520.63,3521.31 1 1
github.com/mitchell-wallace/rally/internal/relay/runner.go:3521.31,3522.22 1 1
github.com/mitchell-wallace/rally/internal/relay/runner.go:3522.22,3524.4 1 1
github.com/mitchell-wallace/rally/internal/relay/runner.go:3526.2,3526.14 1 1
github.com/mitchell-wallace/rally/internal/relay/runner.go:3529.103,3531.2 1 0
github.com/mitchell-wallace/rally/internal/relay/runner.go:3533.80,3534.18 1 1
github.com/mitchell-wallace/rally/internal/relay/runner.go:3534.18,3536.3 1 1
github.com/mitchell-wallace/rally/internal/relay/runner.go:3537.2,3537.22 1 1
github.com/mitchell-wallace/rally/internal/relay/runner.go:3540.95,3541.17 1 1
github.com/mitchell-wallace/rally/internal/relay/runner.go:3541.17,3543.3 1 0
github.com/mitchell-wallace/rally/internal/relay/runner.go:3544.2,3545.16 2 1
github.com/mitchell-wallace/rally/internal/relay/runner.go:3545.16,3547.3 1 0
github.com/mitchell-wallace/rally/internal/relay/runner.go:3548.2,3548.23 1 1
github.com/mitchell-wallace/rally/internal/relay/runner.go:3548.23,3550.3 1 0
github.com/mitchell-wallace/rally/internal/relay/runner.go:3551.2,3551.53 1 1
github.com/mitchell-wallace/rally/internal/relay/runner.go:3551.53,3553.27 2 1
github.com/mitchell-wallace/rally/internal/relay/runner.go:3553.27,3555.4 1 1
github.com/mitchell-wallace/rally/internal/relay/runner.go:3557.2,3557.12 1 1
github.com/mitchell-wallace/rally/internal/relay/runner.go:3560.107,3561.17 1 1
github.com/mitchell-wallace/rally/internal/relay/runner.go:3561.17,3563.3 1 1
github.com/mitchell-wallace/rally/internal/relay/runner.go:3564.2,3564.13 1 1
github.com/mitchell-wallace/rally/internal/relay/runner.go:3564.13,3565.24 1 1
github.com/mitchell-wallace/rally/internal/relay/runner.go:3565.24,3567.4 1 1
github.com/mitchell-wallace/rally/internal/relay/runner.go:3568.3,3568.38 1 1
github.com/mitchell-wallace/rally/internal/relay/runner.go:3570.2,3570.16 1 1
github.com/mitchell-wallace/rally/internal/relay/runner.go:3570.16,3572.3 1 1
github.com/mitchell-wallace/rally/internal/relay/runner.go:3573.2,3573.34 1 1
github.com/mitchell-wallace/rally/internal/relay/runner.go:3579.142,3580.111 1 1
github.com/mitchell-wallace/rally/internal/relay/runner.go:3580.111,3582.3 1 1
github.com/mitchell-wallace/rally/internal/relay/runner.go:3583.2,3583.62 1 1
github.com/mitchell-wallace/rally/internal/relay/runner.go:3583.62,3585.3 1 1
github.com/mitchell-wallace/rally/internal/relay/runner.go:3586.2,3586.104 1 1
github.com/mitchell-wallace/rally/internal/relay/runner.go:3586.104,3588.3 1 1
github.com/mitchell-wallace/rally/internal/relay/runner.go:3589.2,3589.20 1 1
github.com/mitchell-wallace/rally/internal/relay/runner.go:3589.20,3591.3 1 1
github.com/mitchell-wallace/rally/internal/relay/runner.go:3592.2,3592.32 1 1
github.com/mitchell-wallace/rally/internal/relay/runner.go:3595.57,3597.16 2 1
github.com/mitchell-wallace/rally/internal/relay/runner.go:3597.16,3599.3 1 0
github.com/mitchell-wallace/rally/internal/relay/runner.go:3600.2,3600.21 1 1
github.com/mitchell-wallace/rally/internal/relay/runner.go:3603.88,3604.17 1 1
github.com/mitchell-wallace/rally/internal/relay/runner.go:3604.17,3606.3 1 0
github.com/mitchell-wallace/rally/internal/relay/runner.go:3607.2,3608.16 2 1
github.com/mitchell-wallace/rally/internal/relay/runner.go:3608.16,3610.3 1 0
github.com/mitchell-wallace/rally/internal/relay/runner.go:3611.2,3611.23 1 1
github.com/mitchell-wallace/rally/internal/relay/runner.go:3611.23,3613.3 1 0
github.com/mitchell-wallace/rally/internal/relay/runner.go:3614.2,3614.53 1 1
github.com/mitchell-wallace/rally/internal/relay/runner.go:3614.53,3616.27 2 1
github.com/mitchell-wallace/rally/internal/relay/runner.go:3616.27,3617.12 1 0
github.com/mitchell-wallace/rally/internal/relay/runner.go:3619.3,3619.45 1 1
github.com/mitchell-wallace/rally/internal/relay/runner.go:3619.45,3621.4 1 1
github.com/mitchell-wallace/rally/internal/relay/runner.go:3622.3,3622.77 1 0
github.com/mitchell-wallace/rally/internal/relay/runner.go:3622.77,3624.4 1 0
github.com/mitchell-wallace/rally/internal/relay/runner.go:3626.2,3626.11 1 1
github.com/mitchell-wallace/rally/internal/relay/runner.go:3629.37,3630.16 1 1
github.com/mitchell-wallace/rally/internal/relay/runner.go:3630.16,3632.3 1 1
github.com/mitchell-wallace/rally/internal/relay/runner.go:3633.2,3634.16 2 1
github.com/mitchell-wallace/rally/internal/relay/runner.go:3634.16,3636.3 1 1
github.com/mitchell-wallace/rally/internal/relay/runner.go:3637.2,3637.21 1 1
github.com/mitchell-wallace/rally/internal/relay/runner.go:3640.64,3642.33 2 1
github.com/mitchell-wallace/rally/internal/relay/runner.go:3642.33,3644.3 1 1
github.com/mitchell-wallace/rally/internal/relay/runner.go:3645.2,3646.28 2 1
github.com/mitchell-wallace/rally/internal/relay/runner.go:3646.28,3648.3 1 1
github.com/mitchell-wallace/rally/internal/relay/runner.go:3650.2,3651.29 2 1
github.com/mitchell-wallace/rally/internal/relay/runner.go:3651.29,3653.3 1 0
github.com/mitchell-wallace/rally/internal/relay/runner.go:3654.2,3655.61 2 1
github.com/mitchell-wallace/rally/internal/relay/runner.go:3658.51,3661.18 3 1
github.com/mitchell-wallace/rally/internal/relay/runner.go:3661.18,3663.3 1 0
github.com/mitchell-wallace/rally/internal/relay/runner.go:3664.2,3664.100 1 1
github.com/mitchell-wallace/rally/internal/relay/runner.go:3667.82,3668.49 1 1
github.com/mitchell-wallace/rally/internal/relay/runner.go:3668.49,3670.3 1 1
github.com/mitchell-wallace/rally/internal/relay/runner.go:3671.2,3672.21 2 1
github.com/mitchell-wallace/rally/internal/relay/runner.go:3672.21,3674.3 1 1
github.com/mitchell-wallace/rally/internal/relay/runner.go:3675.2,3675.30 1 1
github.com/mitchell-wallace/rally/internal/relay/runner.go:3675.30,3677.3 1 1
github.com/mitchell-wallace/rally/internal/relay/runner.go:3678.2,3678.18 1 1
github.com/mitchell-wallace/rally/internal/relay/runner.go:3684.52,3685.19 1 1
github.com/mitchell-wallace/rally/internal/relay/runner.go:3685.19,3687.3 1 1
github.com/mitchell-wallace/rally/internal/relay/runner.go:3688.2,3690.49 2 1
github.com/mitchell-wallace/rally/internal/relay/runner.go:3690.49,3692.109 2 1
github.com/mitchell-wallace/rally/internal/relay/runner.go:3692.109,3694.4 1 1
github.com/mitchell-wallace/rally/internal/relay/runner.go:3695.3,3695.118 1 1
github.com/mitchell-wallace/rally/internal/relay/runner.go:3695.118,3697.4 1 1
github.com/mitchell-wallace/rally/internal/relay/runner.go:3699.2,3699.11 1 1
github.com/mitchell-wallace/rally/internal/relay/runner.go:3702.50,3704.16 2 1
github.com/mitchell-wallace/rally/internal/relay/runner.go:3704.16,3706.3 1 1
github.com/mitchell-wallace/rally/internal/relay/runner.go:3707.2,3708.20 2 1
github.com/mitchell-wallace/rally/internal/relay/runner.go:3708.20,3710.3 1 0
github.com/mitchell-wallace/rally/internal/relay/runner.go:3711.2,3711.14 1 1
github.com/mitchell-wallace/rally/internal/relay/runner.go:3714.45,3715.26 1 1
github.com/mitchell-wallace/rally/internal/relay/runner.go:3715.26,3716.15 1 1
github.com/mitchell-wallace/rally/internal/relay/runner.go:3716.15,3718.4 1 1
github.com/mitchell-wallace/rally/internal/relay/runner.go:3720.2,3720.14 1 1
github.com/mitchell-wallace/rally/internal/relay/runner.go:3728.79,3730.16 2 1
github.com/mitchell-wallace/rally/internal/relay/runner.go:3730.16,3732.3 1 0
github.com/mitchell-wallace/rally/internal/relay/runner.go:3735.2,3735.86 1 1
github.com/mitchell-wallace/rally/internal/relay/runner.go:3735.86,3737.3 1 1
github.com/mitchell-wallace/rally/internal/relay/runner.go:3739.2,3740.23 2 1
github.com/mitchell-wallace/rally/internal/relay/runner.go:3740.23,3741.31 1 1
github.com/mitchell-wallace/rally/internal/relay/runner.go:3741.31,3743.4 1 1
github.com/mitchell-wallace/rally/internal/relay/runner.go:3743.9,3745.4 1 1
github.com/mitchell-wallace/rally/internal/relay/runner.go:3748.2,3749.19 2 1
github.com/mitchell-wallace/rally/internal/relay/runner.go:3749.19,3751.3 1 1
github.com/mitchell-wallace/rally/internal/relay/runner.go:3753.2,3760.18 4 1
github.com/mitchell-wallace/rally/internal/relay/runner.go:3768.45,3769.31 1 1
github.com/mitchell-wallace/rally/internal/relay/runner.go:3769.31,3770.37 1 1
github.com/mitchell-wallace/rally/internal/relay/runner.go:3770.37,3772.4 1 1
github.com/mitchell-wallace/rally/internal/relay/runner.go:3774.2,3774.11 1 1
github.com/mitchell-wallace/rally/internal/relay/runner.go:3777.86,3778.19 1 1
github.com/mitchell-wallace/rally/internal/relay/runner.go:3778.19,3780.3 1 1
github.com/mitchell-wallace/rally/internal/relay/runner.go:3781.2,3781.58 1 1
